Copyright 1986-2022 Xilinx, Inc. All Rights Reserved. Copyright 2022-2025 Advanced Micro Devices, Inc. All Rights Reserved.
--------------------------------------------------------------------------------------------------------------------------------------------------------------------------------
| Tool Version : Vivado v.2025.2 (win64) Build 6299465 Fri Nov 14 19:35:11 GMT 2025
| Date         : Fri Apr 24 18:20:04 2026
| Host         : Viktorio running 64-bit major release  (build 9200)
| Command      : report_methodology -file wave_generator_methodology_drc_routed.rpt -pb wave_generator_methodology_drc_routed.pb -rpx wave_generator_methodology_drc_routed.rpx
| Design       : wave_generator
| Device       : xc7z020clg484-1
| Speed File   : -1
| Design State : Fully Routed
--------------------------------------------------------------------------------------------------------------------------------------------------------------------------------

Report Methodology

Table of Contents
-----------------
1. REPORT SUMMARY
2. REPORT DETAILS

1. REPORT SUMMARY
-----------------
            Netlist: netlist
          Floorplan: design_1
      Design limits: <entire design considered>
             Max checks: <unlimited>
             Checks found: 3
+-----------+----------+------------------------------------------------------+--------+
| Rule      | Severity | Description                                          | Checks |
+-----------+----------+------------------------------------------------------+--------+
| TIMING-18 | Warning  | Missing input or output delay                        | 1      |
| XDCC-4    | Warning  | User Clock constraint overwritten with the same name | 1      |
| XDCC-8    | Warning  | User Clock constraint overwritten on the same source | 1      |
+-----------+----------+------------------------------------------------------+--------+

2. REPORT DETAILS
-----------------
TIMING-18#1 Warning
Missing input or output delay  
An output delay is missing on pwm_out relative to the rising and/or falling clock edge(s) of sys_clk.
Related violations: <none>

XDCC-4#1 Warning
User Clock constraint overwritten with the same name  
A new clock constraint create_clock overrides a previous user clock constraint with the same name.
New: create_clock -period 10.000 -name sys_clk [get_ports clk] (Source: C:/Users/vikip/Desktop/GitHub Repos/SPRO4/Firmware/Oscilloscope/Oscilloscope.srcs/constrs_1/new/osc.xdc (Line: 41))
Previous: create_clock -period 10.000 -name sys_clk [get_ports clk] (Source: C:/Users/vikip/Desktop/GitHub Repos/SPRO4/Firmware/Oscilloscope/Oscilloscope.srcs/constrs_1/new/osc.xdc (Line: 6))
Related violations: <none>

XDCC-8#1 Warning
User Clock constraint overwritten on the same source  
A new clock constraint create_clock overrides a previous user clock constraint defined on the same source.
New: create_clock -period 10.000 -name sys_clk [get_ports clk] (Source: C:/Users/vikip/Desktop/GitHub Repos/SPRO4/Firmware/Oscilloscope/Oscilloscope.srcs/constrs_1/new/osc.xdc (Line: 41))
Previous: create_clock -period 10.000 -name sys_clk [get_ports clk] (Source: C:/Users/vikip/Desktop/GitHub Repos/SPRO4/Firmware/Oscilloscope/Oscilloscope.srcs/constrs_1/new/osc.xdc (Line: 6))
Related violations: <none>


