Copyright 1986-2022 Xilinx, Inc. All Rights Reserved. Copyright 2022-2025 Advanced Micro Devices, Inc. All Rights Reserved.
---------------------------------------------------------------------------------------------------------------------------------------------
| Tool Version : Vivado v.2025.2 (win64) Build 6299465 Fri Nov 14 19:35:11 GMT 2025
| Date         : Fri Apr 17 14:42:45 2026
| Host         : DESKTOP-QU8QVCL running 64-bit major release  (build 9200)
| Command      : report_control_sets -verbose -file osc_control_sets_placed.rpt
| Design       : osc
| Device       : xc7z020
---------------------------------------------------------------------------------------------------------------------------------------------

Control Set Information

Table of Contents
-----------------
1. Summary
2. Histogram
3. Flip-Flop Distribution
4. Detailed Control Set Information

1. Summary
----------

+----------------------------------------------------------+-------+
|                          Status                          | Count |
+----------------------------------------------------------+-------+
| Total control sets                                       |     8 |
|    Minimum number of control sets                        |     8 |
|    Addition due to synthesis replication                 |     0 |
|    Addition due to physical synthesis replication        |     0 |
| Unused register locations in slices containing registers |    20 |
+----------------------------------------------------------+-------+
* Control sets can be merged at opt_design using control_set_merge or merge_equivalent_drivers
** Run report_qor_suggestions for automated merging and remapping suggestions


2. Histogram
------------

+--------------------+-------+
|       Fanout       | Count |
+--------------------+-------+
| Total control sets |     8 |
| >= 0 to < 4        |     0 |
| >= 4 to < 6        |     0 |
| >= 6 to < 8        |     0 |
| >= 8 to < 10       |     4 |
| >= 10 to < 12      |     3 |
| >= 12 to < 14      |     0 |
| >= 14 to < 16      |     0 |
| >= 16              |     1 |
+--------------------+-------+
* Control sets can be remapped at either synth_design or opt_design


3. Flip-Flop Distribution
-------------------------

+--------------+-----------------------+------------------------+-----------------+--------------+
| Clock Enable | Synchronous Set/Reset | Asynchronous Set/Reset | Total Registers | Total Slices |
+--------------+-----------------------+------------------------+-----------------+--------------+
| No           | No                    | No                     |              10 |            4 |
| No           | No                    | Yes                    |              16 |            6 |
| No           | Yes                   | No                     |              14 |            6 |
| Yes          | No                    | No                     |              16 |            3 |
| Yes          | No                    | Yes                    |               0 |            0 |
| Yes          | Yes                   | No                     |              28 |           10 |
+--------------+-----------------------+------------------------+-----------------+--------------+


4. Detailed Control Set Information
-----------------------------------

+-----------------------------+-------------------------------+------------------+------------------+----------------+--------------+
|         Clock Signal        |         Enable Signal         | Set/Reset Signal | Slice Load Count | Bel Load Count | Bels / Slice |
+-----------------------------+-------------------------------+------------------+------------------+----------------+--------------+
|  u_wave/clk_divided_reg_n_0 |                               | reset_IBUF       |                4 |              8 |         2.00 |
|  clk_IBUF_BUFG              | u_uart/u_rx/o_data[7]_i_1_n_0 |                  |                2 |              8 |         4.00 |
|  clk_IBUF_BUFG              | u_uart/u_rx/E[0]              | reset_IBUF       |                2 |              8 |         4.00 |
|  clk_IBUF_BUFG              | u_uart/u_tx/shreg[7]_i_1_n_0  |                  |                1 |              8 |         8.00 |
|  clk_IBUF_BUFG              |                               |                  |                4 |             10 |         2.50 |
|  clk_IBUF_BUFG              | u_uart/u_rx/tick_cnt[0]       | reset_IBUF       |                4 |             10 |         2.50 |
|  clk_IBUF_BUFG              | u_uart/u_tx/tick_cnt_0[0]     | reset_IBUF       |                4 |             10 |         2.50 |
|  clk_IBUF_BUFG              |                               | reset_IBUF       |                8 |             22 |         2.75 |
+-----------------------------+-------------------------------+------------------+------------------+----------------+--------------+


