
*** Running vivado
    with args -log osc.vds -m64 -product Vivado -mode batch -messageDb vivado.pb -notrace -source osc.tcl



****** Vivado v2025.2 (64-bit)
  **** SW Build 6299465 on Fri Nov 14 19:35:11 GMT 2025
  **** IP Build 6300035 on Fri Nov 14 10:48:45 MST 2025
  **** SharedData Build 6298862 on Thu Nov 13 04:50:51 MST 2025
  **** Start of session at: Fri Apr 17 13:34:22 2026
    ** Copyright 1986-2022 Xilinx, Inc. All Rights Reserved.
    ** Copyright 2022-2025 Advanced Micro Devices, Inc. All Rights Reserved.

source osc.tcl -notrace
create_project: Time (s): cpu = 00:00:11 ; elapsed = 00:00:07 . Memory (MB): peak = 526.430 ; gain = 219.570
Command: read_checkpoint -auto_incremental -incremental {C:/Users/liubo/Documents/GitHub projects/SPRO4/Firmware/Generation_UART/Generation_UART.srcs/utils_1/imports/synth_1/osc.dcp}
INFO: [Vivado 12-5825] Read reference checkpoint from C:/Users/liubo/Documents/GitHub projects/SPRO4/Firmware/Generation_UART/Generation_UART.srcs/utils_1/imports/synth_1/osc.dcp for incremental synthesis
INFO: [Vivado 12-7989] Please ensure there are no constraint changes
Command: synth_design -top osc -part xc7z020clg484-1
Starting synth_design
Attempting to get a license for feature 'Synthesis' and/or device 'xc7z020'
INFO: [Common 17-349] Got license for feature 'Synthesis' and/or device 'xc7z020'
INFO: [Designutils 20-5440] No compile time benefit to using incremental synthesis; A full resynthesis will be run
INFO: [Designutils 20-4379] Flow is switching to default flow due to incremental criteria not met. If you would like to alter this behaviour and have the flow terminate instead, please set the following parameter config_implementation {autoIncr.Synth.RejectBehavior Terminate}
INFO: [Synth 8-7079] Multithreading enabled for synth_design using a maximum of 2 processes.
INFO: [Synth 8-7078] Launching helper process for spawning children vivado processes
INFO: [Synth 8-7075] Helper process launched with PID 2704
---------------------------------------------------------------------------------
Starting Synthesize : Time (s): cpu = 00:00:05 ; elapsed = 00:00:07 . Memory (MB): peak = 1077.121 ; gain = 534.602
---------------------------------------------------------------------------------
INFO: [Synth 8-638] synthesizing module 'osc' [C:/Users/liubo/Documents/GitHub projects/SPRO4/Firmware/Generation_UART/Generation_UART.srcs/sources_1/new/osc.vhd:30]
	Parameter G_CLK_HZ bound to: 100000000 - type: integer 
	Parameter G_BAUD bound to: 115200 - type: integer 
INFO: [Synth 8-3491] module 'uart_top' declared at 'C:/Users/liubo/Documents/GitHub projects/SPRO4/Firmware/Generation_UART/Generation_UART.srcs/sources_1/imports/Firmware/UART module/UART module.srcs/sources_1/new/uart_top.vhd:8' bound to instance 'u_uart' of component 'uart_top' [C:/Users/liubo/Documents/GitHub projects/SPRO4/Firmware/Generation_UART/Generation_UART.srcs/sources_1/new/osc.vhd:65]
INFO: [Synth 8-638] synthesizing module 'uart_top' [C:/Users/liubo/Documents/GitHub projects/SPRO4/Firmware/Generation_UART/Generation_UART.srcs/sources_1/imports/Firmware/UART module/UART module.srcs/sources_1/new/uart_top.vhd:29]
	Parameter G_CLK_HZ bound to: 100000000 - type: integer 
	Parameter G_BAUD bound to: 115200 - type: integer 
	Parameter G_CLK_HZ bound to: 100000000 - type: integer 
	Parameter G_BAUD bound to: 115200 - type: integer 
INFO: [Synth 8-3491] module 'uart_tx' declared at 'C:/Users/liubo/Documents/GitHub projects/SPRO4/Firmware/Generation_UART/Generation_UART.srcs/sources_1/imports/Firmware/UART module/UART module.srcs/sources_1/new/uart_tx.vhd:9' bound to instance 'u_tx' of component 'uart_tx' [C:/Users/liubo/Documents/GitHub projects/SPRO4/Firmware/Generation_UART/Generation_UART.srcs/sources_1/imports/Firmware/UART module/UART module.srcs/sources_1/new/uart_top.vhd:63]
INFO: [Synth 8-638] synthesizing module 'uart_tx' [C:/Users/liubo/Documents/GitHub projects/SPRO4/Firmware/Generation_UART/Generation_UART.srcs/sources_1/imports/Firmware/UART module/UART module.srcs/sources_1/new/uart_tx.vhd:24]
	Parameter G_CLK_HZ bound to: 100000000 - type: integer 
	Parameter G_BAUD bound to: 115200 - type: integer 
INFO: [Synth 8-256] done synthesizing module 'uart_tx' (0#1) [C:/Users/liubo/Documents/GitHub projects/SPRO4/Firmware/Generation_UART/Generation_UART.srcs/sources_1/imports/Firmware/UART module/UART module.srcs/sources_1/new/uart_tx.vhd:24]
	Parameter G_CLK_HZ bound to: 100000000 - type: integer 
	Parameter G_BAUD bound to: 115200 - type: integer 
INFO: [Synth 8-3491] module 'uart_rx' declared at 'C:/Users/liubo/Documents/GitHub projects/SPRO4/Firmware/Generation_UART/Generation_UART.srcs/sources_1/imports/Firmware/UART module/UART module.srcs/sources_1/new/uart_rx.vhd:8' bound to instance 'u_rx' of component 'uart_rx' [C:/Users/liubo/Documents/GitHub projects/SPRO4/Firmware/Generation_UART/Generation_UART.srcs/sources_1/imports/Firmware/UART module/UART module.srcs/sources_1/new/uart_top.vhd:75]
INFO: [Synth 8-638] synthesizing module 'uart_rx' [C:/Users/liubo/Documents/GitHub projects/SPRO4/Firmware/Generation_UART/Generation_UART.srcs/sources_1/imports/Firmware/UART module/UART module.srcs/sources_1/new/uart_rx.vhd:22]
	Parameter G_CLK_HZ bound to: 100000000 - type: integer 
	Parameter G_BAUD bound to: 115200 - type: integer 
INFO: [Synth 8-256] done synthesizing module 'uart_rx' (0#1) [C:/Users/liubo/Documents/GitHub projects/SPRO4/Firmware/Generation_UART/Generation_UART.srcs/sources_1/imports/Firmware/UART module/UART module.srcs/sources_1/new/uart_rx.vhd:22]
INFO: [Synth 8-256] done synthesizing module 'uart_top' (0#1) [C:/Users/liubo/Documents/GitHub projects/SPRO4/Firmware/Generation_UART/Generation_UART.srcs/sources_1/imports/Firmware/UART module/UART module.srcs/sources_1/new/uart_top.vhd:29]
	Parameter CLK_DIV_N bound to: 256 - type: integer 
INFO: [Synth 8-3491] module 'wave_generator' declared at 'C:/Users/liubo/Documents/GitHub projects/SPRO4/Firmware/Generation_UART/Generation_UART.srcs/sources_1/imports/Firmware/Oscilloscope/Oscilloscope.srcs/sources_1/new/wave_generator.vhd:5' bound to instance 'u_wave' of component 'wave_generator' [C:/Users/liubo/Documents/GitHub projects/SPRO4/Firmware/Generation_UART/Generation_UART.srcs/sources_1/new/osc.vhd:82]
INFO: [Synth 8-638] synthesizing module 'wave_generator' [C:/Users/liubo/Documents/GitHub projects/SPRO4/Firmware/Generation_UART/Generation_UART.srcs/sources_1/imports/Firmware/Oscilloscope/Oscilloscope.srcs/sources_1/new/wave_generator.vhd:19]
	Parameter CLK_DIV_N bound to: 256 - type: integer 
INFO: [Synth 8-256] done synthesizing module 'wave_generator' (0#1) [C:/Users/liubo/Documents/GitHub projects/SPRO4/Firmware/Generation_UART/Generation_UART.srcs/sources_1/imports/Firmware/Oscilloscope/Oscilloscope.srcs/sources_1/new/wave_generator.vhd:19]
INFO: [Synth 8-256] done synthesizing module 'osc' (0#1) [C:/Users/liubo/Documents/GitHub projects/SPRO4/Firmware/Generation_UART/Generation_UART.srcs/sources_1/new/osc.vhd:30]
---------------------------------------------------------------------------------
Finished Synthesize : Time (s): cpu = 00:00:07 ; elapsed = 00:00:09 . Memory (MB): peak = 1197.527 ; gain = 655.008
---------------------------------------------------------------------------------
---------------------------------------------------------------------------------
Finished Constraint Validation : Time (s): cpu = 00:00:08 ; elapsed = 00:00:10 . Memory (MB): peak = 1197.527 ; gain = 655.008
---------------------------------------------------------------------------------
---------------------------------------------------------------------------------
Start Loading Part and Timing Information
---------------------------------------------------------------------------------
Loading part: xc7z020clg484-1
INFO: [Device 21-403] Loading part xc7z020clg484-1
---------------------------------------------------------------------------------
Finished Loading Part and Timing Information : Time (s): cpu = 00:00:08 ; elapsed = 00:00:10 . Memory (MB): peak = 1197.527 ; gain = 655.008
---------------------------------------------------------------------------------
INFO: [Synth 8-802] inferred FSM for state register 'state_reg' in module 'uart_tx'
INFO: [Synth 8-802] inferred FSM for state register 'state_reg' in module 'uart_rx'
---------------------------------------------------------------------------------------------------
                   State |                     New Encoding |                Previous Encoding 
---------------------------------------------------------------------------------------------------
                    idle |                               00 |                               00
               start_bit |                               01 |                               01
               data_bits |                               10 |                               10
                stop_bit |                               11 |                               11
---------------------------------------------------------------------------------------------------
INFO: [Synth 8-3354] encoded FSM with state register 'state_reg' using encoding 'sequential' in module 'uart_tx'
---------------------------------------------------------------------------------------------------
                   State |                     New Encoding |                Previous Encoding 
---------------------------------------------------------------------------------------------------
                    idle |                               00 |                               00
               start_bit |                               01 |                               01
               data_bits |                               10 |                               10
                stop_bit |                               11 |                               11
---------------------------------------------------------------------------------------------------
INFO: [Synth 8-3354] encoded FSM with state register 'state_reg' using encoding 'sequential' in module 'uart_rx'
---------------------------------------------------------------------------------
Finished RTL Optimization Phase 2 : Time (s): cpu = 00:00:08 ; elapsed = 00:00:10 . Memory (MB): peak = 1197.527 ; gain = 655.008
---------------------------------------------------------------------------------
No constraint files found.
---------------------------------------------------------------------------------
Start RTL Component Statistics 
---------------------------------------------------------------------------------
Detailed RTL Component Info : 
+---Adders : 
	   2 Input   10 Bit       Adders := 2     
	   2 Input    8 Bit       Adders := 1     
	   2 Input    7 Bit       Adders := 1     
	   2 Input    3 Bit       Adders := 2     
+---Registers : 
	               10 Bit    Registers := 2     
	                8 Bit    Registers := 5     
	                7 Bit    Registers := 1     
	                3 Bit    Registers := 2     
	                2 Bit    Registers := 1     
	                1 Bit    Registers := 5     
+---Muxes : 
	   4 Input   10 Bit        Muxes := 2     
	   4 Input    8 Bit        Muxes := 1     
	   2 Input    8 Bit        Muxes := 2     
	   4 Input    3 Bit        Muxes := 2     
	   4 Input    2 Bit        Muxes := 2     
	   2 Input    1 Bit        Muxes := 5     
	   4 Input    1 Bit        Muxes := 10    
---------------------------------------------------------------------------------
Finished RTL Component Statistics 
---------------------------------------------------------------------------------
---------------------------------------------------------------------------------
Start Part Resource Summary
---------------------------------------------------------------------------------
Part Resources:
DSPs: 220 (col length:60)
BRAMs: 280 (col length: RAMB18 60 RAMB36 30)
---------------------------------------------------------------------------------
Finished Part Resource Summary
---------------------------------------------------------------------------------
No constraint files found.
---------------------------------------------------------------------------------
Start Cross Boundary and Area Optimization
---------------------------------------------------------------------------------
---------------------------------------------------------------------------------
Finished Cross Boundary and Area Optimization : Time (s): cpu = 00:00:20 ; elapsed = 00:00:51 . Memory (MB): peak = 1439.117 ; gain = 896.598
---------------------------------------------------------------------------------
No constraint files found.
---------------------------------------------------------------------------------
Start Timing Optimization
---------------------------------------------------------------------------------
---------------------------------------------------------------------------------
Finished Timing Optimization : Time (s): cpu = 00:00:20 ; elapsed = 00:00:51 . Memory (MB): peak = 1439.117 ; gain = 896.598
---------------------------------------------------------------------------------
---------------------------------------------------------------------------------
Start Technology Mapping
---------------------------------------------------------------------------------
---------------------------------------------------------------------------------
Finished Technology Mapping : Time (s): cpu = 00:00:20 ; elapsed = 00:00:51 . Memory (MB): peak = 1439.117 ; gain = 896.598
---------------------------------------------------------------------------------
---------------------------------------------------------------------------------
Start IO Insertion
---------------------------------------------------------------------------------
---------------------------------------------------------------------------------
Start Flattening Before IO Insertion
---------------------------------------------------------------------------------
---------------------------------------------------------------------------------
Finished Flattening Before IO Insertion
---------------------------------------------------------------------------------
---------------------------------------------------------------------------------
Start Final Netlist Cleanup
---------------------------------------------------------------------------------
---------------------------------------------------------------------------------
Finished Final Netlist Cleanup
---------------------------------------------------------------------------------
---------------------------------------------------------------------------------
Finished IO Insertion : Time (s): cpu = 00:00:24 ; elapsed = 00:00:56 . Memory (MB): peak = 1664.113 ; gain = 1121.594
---------------------------------------------------------------------------------
---------------------------------------------------------------------------------
Start Renaming Generated Instances
---------------------------------------------------------------------------------
---------------------------------------------------------------------------------
Finished Renaming Generated Instances : Time (s): cpu = 00:00:24 ; elapsed = 00:00:56 . Memory (MB): peak = 1664.113 ; gain = 1121.594
---------------------------------------------------------------------------------
---------------------------------------------------------------------------------
Start Rebuilding User Hierarchy
---------------------------------------------------------------------------------
---------------------------------------------------------------------------------
Finished Rebuilding User Hierarchy : Time (s): cpu = 00:00:24 ; elapsed = 00:00:56 . Memory (MB): peak = 1664.113 ; gain = 1121.594
---------------------------------------------------------------------------------
---------------------------------------------------------------------------------
Start Renaming Generated Ports
---------------------------------------------------------------------------------
---------------------------------------------------------------------------------
Finished Renaming Generated Ports : Time (s): cpu = 00:00:24 ; elapsed = 00:00:56 . Memory (MB): peak = 1664.113 ; gain = 1121.594
---------------------------------------------------------------------------------
---------------------------------------------------------------------------------
Start Handling Custom Attributes
---------------------------------------------------------------------------------
---------------------------------------------------------------------------------
Finished Handling Custom Attributes : Time (s): cpu = 00:00:24 ; elapsed = 00:00:56 . Memory (MB): peak = 1664.113 ; gain = 1121.594
---------------------------------------------------------------------------------
---------------------------------------------------------------------------------
Start Renaming Generated Nets
---------------------------------------------------------------------------------
---------------------------------------------------------------------------------
Finished Renaming Generated Nets : Time (s): cpu = 00:00:24 ; elapsed = 00:00:56 . Memory (MB): peak = 1664.113 ; gain = 1121.594
---------------------------------------------------------------------------------
---------------------------------------------------------------------------------
Start Writing Synthesis Report
---------------------------------------------------------------------------------

Report BlackBoxes: 
+-+--------------+----------+
| |BlackBox name |Instances |
+-+--------------+----------+
+-+--------------+----------+

Report Cell Usage: 
+------+-------+------+
|      |Cell   |Count |
+------+-------+------+
|1     |BUFG   |     1|
|2     |CARRY4 |     1|
|3     |LUT1   |     2|
|4     |LUT2   |    20|
|5     |LUT3   |    14|
|6     |LUT4   |    21|
|7     |LUT5   |    12|
|8     |LUT6   |    42|
|9     |FDCE   |    16|
|10    |FDRE   |    66|
|11    |FDSE   |     2|
|12    |IBUF   |    12|
|13    |OBUF   |    11|
+------+-------+------+

Report Instance Areas: 
+------+---------+---------------+------+
|      |Instance |Module         |Cells |
+------+---------+---------------+------+
|1     |top      |               |   220|
|2     |  u_uart |uart_top       |   155|
|3     |    u_rx |uart_rx        |    81|
|4     |    u_tx |uart_tx        |    53|
|5     |  u_wave |wave_generator |    41|
+------+---------+---------------+------+
---------------------------------------------------------------------------------
Finished Writing Synthesis Report : Time (s): cpu = 00:00:24 ; elapsed = 00:00:56 . Memory (MB): peak = 1664.113 ; gain = 1121.594
---------------------------------------------------------------------------------
Synthesis finished with 0 errors, 0 critical warnings and 0 warnings.
Synthesis Optimization Runtime : Time (s): cpu = 00:00:24 ; elapsed = 00:00:56 . Memory (MB): peak = 1664.113 ; gain = 1121.594
Synthesis Optimization Complete : Time (s): cpu = 00:00:24 ; elapsed = 00:00:56 . Memory (MB): peak = 1664.113 ; gain = 1121.594
INFO: [Project 1-571] Translating synthesized netlist
Netlist sorting complete. Time (s): cpu = 00:00:00 ; elapsed = 00:00:00.002 . Memory (MB): peak = 1680.141 ; gain = 0.000
INFO: [Netlist 29-17] Analyzing 1 Unisim elements for replacement
INFO: [Netlist 29-28] Unisim Transformation completed in 0 CPU seconds
INFO: [Project 1-570] Preparing netlist for logic optimization
INFO: [Opt 31-138] Pushed 0 inverter(s) to 0 load pin(s).
Netlist sorting complete. Time (s): cpu = 00:00:00 ; elapsed = 00:00:00 . Memory (MB): peak = 1797.977 ; gain = 0.000
INFO: [Project 1-111] Unisim Transformation Summary:
No Unisim elements were transformed.

Synth Design complete | Checksum: cf037d8a
INFO: [Common 17-83] Releasing license: Synthesis
34 Infos, 0 Warnings, 0 Critical Warnings and 0 Errors encountered.
synth_design completed successfully
synth_design: Time (s): cpu = 00:00:27 ; elapsed = 00:01:01 . Memory (MB): peak = 1797.977 ; gain = 1262.910
Write ShapeDB Complete: Time (s): cpu = 00:00:00 ; elapsed = 00:00:00.002 . Memory (MB): peak = 1797.977 ; gain = 0.000
INFO: [Common 17-1381] The checkpoint 'C:/Users/liubo/Documents/GitHub projects/SPRO4/Firmware/Generation_UART/Generation_UART.runs/synth_1/osc.dcp' has been generated.
INFO: [Vivado 12-24828] Executing command : report_utilization -file osc_utilization_synth.rpt -pb osc_utilization_synth.pb
INFO: [Common 17-206] Exiting Vivado at Fri Apr 17 13:35:44 2026...
