Copyright 1986-2022 Xilinx, Inc. All Rights Reserved. Copyright 2022-2025 Advanced Micro Devices, Inc. All Rights Reserved.
------------------------------------------------------------------------------------------------------------------------------------------------------------------------------------------------------------------------------------
| Tool Version : Vivado v.2025.2 (win64) Build 6299465 Fri Nov 14 19:35:11 GMT 2025
| Date         : Sun Apr  5 16:18:58 2026
| Host         : DESKTOP-QU8QVCL running 64-bit major release  (build 9200)
| Command      : report_timing_summary -max_paths 10 -routable_nets -report_unconstrained -file uart_top_timing_summary_routed.rpt -pb uart_top_timing_summary_routed.pb -rpx uart_top_timing_summary_routed.rpx -warn_on_violation
| Design       : uart_top
| Device       : 7z020-clg484
| Speed File   : -1  PRODUCTION 1.12 2019-11-22
| Design State : Routed
------------------------------------------------------------------------------------------------------------------------------------------------------------------------------------------------------------------------------------

Timing Summary Report

------------------------------------------------------------------------------------------------
| Timer Settings
| --------------
------------------------------------------------------------------------------------------------

  Enable Multi Corner Analysis               :  Yes
  Enable Pessimism Removal                   :  Yes
  Pessimism Removal Resolution               :  Nearest Common Node
  Enable Input Delay Default Clock           :  No
  Enable Preset / Clear Arcs                 :  No
  Disable Flight Delays                      :  No
  Ignore I/O Paths                           :  No
  Timing Early Launch at Borrowing Latches   :  No
  Borrow Time for Max Delay Exceptions       :  Yes
  Merge Timing Exceptions                    :  Yes
  Inter-SLR Compensation                     :  Conservative

  Corner  Analyze    Analyze    
  Name    Max Paths  Min Paths  
  ------  ---------  ---------  
  Slow    Yes        Yes        
  Fast    Yes        Yes        


------------------------------------------------------------------------------------------------
| Report Methodology
| ------------------
------------------------------------------------------------------------------------------------

Rule       Severity          Description                  Violations  
---------  ----------------  ---------------------------  ----------  
TIMING-17  Critical Warning  Non-clocked sequential cell  24          

Note: This report is based on the most recent report_methodology run and may not be up-to-date. Run report_methodology on the current design for the latest report.



check_timing report

Table of Contents
-----------------
1. checking no_clock (24)
2. checking constant_clock (0)
3. checking pulse_width_clock (0)
4. checking unconstrained_internal_endpoints (53)
5. checking no_input_delay (10)
6. checking no_output_delay (2)
7. checking multiple_clock (0)
8. checking generated_clocks (0)
9. checking loops (0)
10. checking partial_input_delay (0)
11. checking partial_output_delay (0)
12. checking latch_loops (0)

1. checking no_clock (24)
-------------------------
 There are 24 register/latch pins with no clock driven by root clock pin: i_clk (HIGH)


2. checking constant_clock (0)
------------------------------
 There are 0 register/latch pins with constant_clock.


3. checking pulse_width_clock (0)
---------------------------------
 There are 0 register/latch pins which need pulse_width check


4. checking unconstrained_internal_endpoints (53)
-------------------------------------------------
 There are 53 pins that are not constrained for maximum delay. (HIGH)

 There are 0 pins that are not constrained for maximum delay due to constant clock.


5. checking no_input_delay (10)
-------------------------------
 There are 10 input ports with no input delay specified. (HIGH)

 There are 0 input ports with no input delay but user has a false path constraint.


6. checking no_output_delay (2)
-------------------------------
 There are 2 ports with no output delay specified. (HIGH)

 There are 0 ports with no output delay but user has a false path constraint

 There are 0 ports with no output delay but with a timing clock defined on it or propagating through it


7. checking multiple_clock (0)
------------------------------
 There are 0 register/latch pins with multiple clocks.


8. checking generated_clocks (0)
--------------------------------
 There are 0 generated clocks that are not connected to a clock source.


9. checking loops (0)
---------------------
 There are 0 combinational loops in the design.


10. checking partial_input_delay (0)
------------------------------------
 There are 0 input ports with partial input delay specified.


11. checking partial_output_delay (0)
-------------------------------------
 There are 0 ports with partial output delay specified.


12. checking latch_loops (0)
----------------------------
 There are 0 combinational latch loops in the design through latch input



------------------------------------------------------------------------------------------------
| Design Timing Summary
| ---------------------
------------------------------------------------------------------------------------------------

    WNS(ns)      TNS(ns)  TNS Failing Endpoints  TNS Total Endpoints      WHS(ns)      THS(ns)  THS Failing Endpoints  THS Total Endpoints     WPWS(ns)     TPWS(ns)  TPWS Failing Endpoints  TPWS Total Endpoints  
    -------      -------  ---------------------  -------------------      -------      -------  ---------------------  -------------------     --------     --------  ----------------------  --------------------  
        inf        0.000                      0                   55          inf        0.000                      0                   55           NA           NA                      NA                    NA  


There are no user specified timing constraints.


------------------------------------------------------------------------------------------------
| Clock Summary
| -------------
------------------------------------------------------------------------------------------------


------------------------------------------------------------------------------------------------
| Intra Clock Table
| -----------------
------------------------------------------------------------------------------------------------

Clock             WNS(ns)      TNS(ns)  TNS Failing Endpoints  TNS Total Endpoints      WHS(ns)      THS(ns)  THS Failing Endpoints  THS Total Endpoints     WPWS(ns)     TPWS(ns)  TPWS Failing Endpoints  TPWS Total Endpoints  
-----             -------      -------  ---------------------  -------------------      -------      -------  ---------------------  -------------------     --------     --------  ----------------------  --------------------  


------------------------------------------------------------------------------------------------
| Inter Clock Table
| -----------------
------------------------------------------------------------------------------------------------

From Clock    To Clock          WNS(ns)      TNS(ns)  TNS Failing Endpoints  TNS Total Endpoints      WHS(ns)      THS(ns)  THS Failing Endpoints  THS Total Endpoints  
----------    --------          -------      -------  ---------------------  -------------------      -------      -------  ---------------------  -------------------  


------------------------------------------------------------------------------------------------
| Other Path Groups Table
| -----------------------
------------------------------------------------------------------------------------------------

Path Group    From Clock    To Clock          WNS(ns)      TNS(ns)  TNS Failing Endpoints  TNS Total Endpoints      WHS(ns)      THS(ns)  THS Failing Endpoints  THS Total Endpoints  
----------    ----------    --------          -------      -------  ---------------------  -------------------      -------      -------  ---------------------  -------------------  


------------------------------------------------------------------------------------------------
| User Ignored Path Table
| -----------------------
------------------------------------------------------------------------------------------------

Path Group    From Clock    To Clock    
----------    ----------    --------    


------------------------------------------------------------------------------------------------
| Unconstrained Path Table
| ------------------------
------------------------------------------------------------------------------------------------

Path Group    From Clock    To Clock    
----------    ----------    --------    
(none)                                    


------------------------------------------------------------------------------------------------
| Timing Details
| --------------
------------------------------------------------------------------------------------------------


--------------------------------------------------------------------------------------
Path Group:  (none)
From Clock:  
  To Clock:  

Max Delay            55 Endpoints
Min Delay            55 Endpoints
--------------------------------------------------------------------------------------


Max Delay Paths
--------------------------------------------------------------------------------------
Slack:                    inf
  Source:                 u_tx/FSM_sequential_state_reg[0]/C
                            (rising edge-triggered cell FDRE)
  Destination:            o_tx_busy
                            (output port)
  Path Group:             (none)
  Path Type:              Max at Slow Process Corner
  Data Path Delay:        5.821ns  (logic 3.219ns (55.299%)  route 2.602ns (44.701%))
  Logic Levels:           3  (FDRE=1 LUT2=1 OBUF=1)

    Location             Delay type                Incr(ns)  Path(ns)    Netlist Resource(s)
  -------------------------------------------------------------------    -------------------
    SLICE_X0Y7           FDRE                         0.000     0.000 r  u_tx/FSM_sequential_state_reg[0]/C
    SLICE_X0Y7           FDRE (Prop_fdre_C_Q)         0.518     0.518 r  u_tx/FSM_sequential_state_reg[0]/Q
                         net (fo=13, routed)          0.866     1.384    u_tx/state[0]
    SLICE_X0Y7           LUT2 (Prop_lut2_I0_O)        0.124     1.508 r  u_tx/o_tx_busy_OBUF_inst_i_1/O
                         net (fo=7, routed)           1.736     3.244    o_tx_busy_OBUF
    T6                   OBUF (Prop_obuf_I_O)         2.577     5.821 r  o_tx_busy_OBUF_inst/O
                         net (fo=0)                   0.000     5.821    o_tx_busy
    T6                                                                r  o_tx_busy (OUT)
  -------------------------------------------------------------------    -------------------

Slack:                    inf
  Source:                 u_tx/tx_r_reg/C
                            (rising edge-triggered cell FDSE)
  Destination:            o_tx
                            (output port)
  Path Group:             (none)
  Path Type:              Max at Slow Process Corner
  Data Path Delay:        4.934ns  (logic 3.071ns (62.241%)  route 1.863ns (37.759%))
  Logic Levels:           2  (FDSE=1 OBUF=1)

    Location             Delay type                Incr(ns)  Path(ns)    Netlist Resource(s)
  -------------------------------------------------------------------    -------------------
    SLICE_X1Y5           FDSE                         0.000     0.000 r  u_tx/tx_r_reg/C
    SLICE_X1Y5           FDSE (Prop_fdse_C_Q)         0.456     0.456 r  u_tx/tx_r_reg/Q
                         net (fo=1, routed)           1.863     2.319    o_tx_OBUF
    T4                   OBUF (Prop_obuf_I_O)         2.615     4.934 r  o_tx_OBUF_inst/O
                         net (fo=0)                   0.000     4.934    o_tx
    T4                                                                r  o_tx (OUT)
  -------------------------------------------------------------------    -------------------

Slack:                    inf
  Source:                 u_tx/tick_cnt_reg[1]/C
                            (rising edge-triggered cell FDRE)
  Destination:            u_tx/bit_idx_reg[1]/D
  Path Group:             (none)
  Path Type:              Max at Slow Process Corner
  Data Path Delay:        4.339ns  (logic 1.283ns (29.567%)  route 3.056ns (70.433%))
  Logic Levels:           4  (FDRE=1 LUT4=1 LUT5=1 LUT6=1)

    Location             Delay type                Incr(ns)  Path(ns)    Netlist Resource(s)
  -------------------------------------------------------------------    -------------------
    SLICE_X2Y6           FDRE                         0.000     0.000 r  u_tx/tick_cnt_reg[1]/C
    SLICE_X2Y6           FDRE (Prop_fdre_C_Q)         0.478     0.478 r  u_tx/tick_cnt_reg[1]/Q
                         net (fo=7, routed)           0.732     1.210    u_tx/tick_cnt_reg_n_0_[1]
    SLICE_X3Y6           LUT4 (Prop_lut4_I2_O)        0.325     1.535 f  u_tx/tick_cnt[8]_i_2/O
                         net (fo=3, routed)           0.864     2.399    u_tx/tick_cnt[8]_i_2_n_0
    SLICE_X0Y6           LUT6 (Prop_lut6_I3_O)        0.327     2.726 r  u_tx/bit_idx[1]_i_2/O
                         net (fo=1, routed)           0.796     3.522    u_tx/bit_idx[0]
    SLICE_X0Y7           LUT5 (Prop_lut5_I1_O)        0.153     3.675 r  u_tx/bit_idx[1]_i_1/O
                         net (fo=1, routed)           0.664     4.339    u_tx/bit_idx[1]_i_1_n_0
    SLICE_X0Y7           FDRE                                         r  u_tx/bit_idx_reg[1]/D
  -------------------------------------------------------------------    -------------------

Slack:                    inf
  Source:                 i_adc_valid
                            (input port)
  Destination:            u_tx/tick_cnt_reg[4]/CE
  Path Group:             (none)
  Path Type:              Max at Slow Process Corner
  Data Path Delay:        4.017ns  (logic 1.044ns (25.999%)  route 2.973ns (74.001%))
  Logic Levels:           2  (IBUF=1 LUT3=1)

    Location             Delay type                Incr(ns)  Path(ns)    Netlist Resource(s)
  -------------------------------------------------------------------    -------------------
    V5                                                0.000     0.000 r  i_adc_valid (IN)
                         net (fo=0)                   0.000     0.000    i_adc_valid
    V5                   IBUF (Prop_ibuf_I_O)         0.920     0.920 r  i_adc_valid_IBUF_inst/O
                         net (fo=3, routed)           1.974     2.894    u_tx/i_adc_valid_IBUF
    SLICE_X0Y5           LUT3 (Prop_lut3_I2_O)        0.124     3.018 r  u_tx/tick_cnt[9]_i_1/O
                         net (fo=10, routed)          0.999     4.017    u_tx/tick_cnt_0[0]
    SLICE_X1Y6           FDRE                                         r  u_tx/tick_cnt_reg[4]/CE
  -------------------------------------------------------------------    -------------------

Slack:                    inf
  Source:                 i_adc_valid
                            (input port)
  Destination:            u_tx/tick_cnt_reg[9]/CE
  Path Group:             (none)
  Path Type:              Max at Slow Process Corner
  Data Path Delay:        4.017ns  (logic 1.044ns (25.999%)  route 2.973ns (74.001%))
  Logic Levels:           2  (IBUF=1 LUT3=1)

    Location             Delay type                Incr(ns)  Path(ns)    Netlist Resource(s)
  -------------------------------------------------------------------    -------------------
    V5                                                0.000     0.000 r  i_adc_valid (IN)
                         net (fo=0)                   0.000     0.000    i_adc_valid
    V5                   IBUF (Prop_ibuf_I_O)         0.920     0.920 r  i_adc_valid_IBUF_inst/O
                         net (fo=3, routed)           1.974     2.894    u_tx/i_adc_valid_IBUF
    SLICE_X0Y5           LUT3 (Prop_lut3_I2_O)        0.124     3.018 r  u_tx/tick_cnt[9]_i_1/O
                         net (fo=10, routed)          0.999     4.017    u_tx/tick_cnt_0[0]
    SLICE_X1Y6           FDRE                                         r  u_tx/tick_cnt_reg[9]/CE
  -------------------------------------------------------------------    -------------------

Slack:                    inf
  Source:                 i_adc_valid
                            (input port)
  Destination:            u_tx/tick_cnt_reg[7]/CE
  Path Group:             (none)
  Path Type:              Max at Slow Process Corner
  Data Path Delay:        3.828ns  (logic 1.044ns (27.285%)  route 2.784ns (72.715%))
  Logic Levels:           2  (IBUF=1 LUT3=1)

    Location             Delay type                Incr(ns)  Path(ns)    Netlist Resource(s)
  -------------------------------------------------------------------    -------------------
    V5                                                0.000     0.000 r  i_adc_valid (IN)
                         net (fo=0)                   0.000     0.000    i_adc_valid
    V5                   IBUF (Prop_ibuf_I_O)         0.920     0.920 r  i_adc_valid_IBUF_inst/O
                         net (fo=3, routed)           1.974     2.894    u_tx/i_adc_valid_IBUF
    SLICE_X0Y5           LUT3 (Prop_lut3_I2_O)        0.124     3.018 r  u_tx/tick_cnt[9]_i_1/O
                         net (fo=10, routed)          0.810     3.828    u_tx/tick_cnt_0[0]
    SLICE_X0Y6           FDRE                                         r  u_tx/tick_cnt_reg[7]/CE
  -------------------------------------------------------------------    -------------------

Slack:                    inf
  Source:                 i_adc_valid
                            (input port)
  Destination:            u_tx/tick_cnt_reg[8]/CE
  Path Group:             (none)
  Path Type:              Max at Slow Process Corner
  Data Path Delay:        3.828ns  (logic 1.044ns (27.285%)  route 2.784ns (72.715%))
  Logic Levels:           2  (IBUF=1 LUT3=1)

    Location             Delay type                Incr(ns)  Path(ns)    Netlist Resource(s)
  -------------------------------------------------------------------    -------------------
    V5                                                0.000     0.000 r  i_adc_valid (IN)
                         net (fo=0)                   0.000     0.000    i_adc_valid
    V5                   IBUF (Prop_ibuf_I_O)         0.920     0.920 r  i_adc_valid_IBUF_inst/O
                         net (fo=3, routed)           1.974     2.894    u_tx/i_adc_valid_IBUF
    SLICE_X0Y5           LUT3 (Prop_lut3_I2_O)        0.124     3.018 r  u_tx/tick_cnt[9]_i_1/O
                         net (fo=10, routed)          0.810     3.828    u_tx/tick_cnt_0[0]
    SLICE_X0Y6           FDRE                                         r  u_tx/tick_cnt_reg[8]/CE
  -------------------------------------------------------------------    -------------------

Slack:                    inf
  Source:                 i_adc_valid
                            (input port)
  Destination:            u_tx/tick_cnt_reg[5]/CE
  Path Group:             (none)
  Path Type:              Max at Slow Process Corner
  Data Path Delay:        3.558ns  (logic 1.044ns (29.358%)  route 2.513ns (70.642%))
  Logic Levels:           2  (IBUF=1 LUT3=1)

    Location             Delay type                Incr(ns)  Path(ns)    Netlist Resource(s)
  -------------------------------------------------------------------    -------------------
    V5                                                0.000     0.000 r  i_adc_valid (IN)
                         net (fo=0)                   0.000     0.000    i_adc_valid
    V5                   IBUF (Prop_ibuf_I_O)         0.920     0.920 r  i_adc_valid_IBUF_inst/O
                         net (fo=3, routed)           1.974     2.894    u_tx/i_adc_valid_IBUF
    SLICE_X0Y5           LUT3 (Prop_lut3_I2_O)        0.124     3.018 r  u_tx/tick_cnt[9]_i_1/O
                         net (fo=10, routed)          0.540     3.558    u_tx/tick_cnt_0[0]
    SLICE_X3Y6           FDRE                                         r  u_tx/tick_cnt_reg[5]/CE
  -------------------------------------------------------------------    -------------------

Slack:                    inf
  Source:                 i_adc_valid
                            (input port)
  Destination:            u_tx/tick_cnt_reg[6]/CE
  Path Group:             (none)
  Path Type:              Max at Slow Process Corner
  Data Path Delay:        3.558ns  (logic 1.044ns (29.358%)  route 2.513ns (70.642%))
  Logic Levels:           2  (IBUF=1 LUT3=1)

    Location             Delay type                Incr(ns)  Path(ns)    Netlist Resource(s)
  -------------------------------------------------------------------    -------------------
    V5                                                0.000     0.000 r  i_adc_valid (IN)
                         net (fo=0)                   0.000     0.000    i_adc_valid
    V5                   IBUF (Prop_ibuf_I_O)         0.920     0.920 r  i_adc_valid_IBUF_inst/O
                         net (fo=3, routed)           1.974     2.894    u_tx/i_adc_valid_IBUF
    SLICE_X0Y5           LUT3 (Prop_lut3_I2_O)        0.124     3.018 r  u_tx/tick_cnt[9]_i_1/O
                         net (fo=10, routed)          0.540     3.558    u_tx/tick_cnt_0[0]
    SLICE_X3Y6           FDRE                                         r  u_tx/tick_cnt_reg[6]/CE
  -------------------------------------------------------------------    -------------------

Slack:                    inf
  Source:                 i_adc_valid
                            (input port)
  Destination:            u_tx/tick_cnt_reg[0]/CE
  Path Group:             (none)
  Path Type:              Max at Slow Process Corner
  Data Path Delay:        3.368ns  (logic 1.044ns (31.008%)  route 2.324ns (68.992%))
  Logic Levels:           2  (IBUF=1 LUT3=1)

    Location             Delay type                Incr(ns)  Path(ns)    Netlist Resource(s)
  -------------------------------------------------------------------    -------------------
    V5                                                0.000     0.000 r  i_adc_valid (IN)
                         net (fo=0)                   0.000     0.000    i_adc_valid
    V5                   IBUF (Prop_ibuf_I_O)         0.920     0.920 r  i_adc_valid_IBUF_inst/O
                         net (fo=3, routed)           1.974     2.894    u_tx/i_adc_valid_IBUF
    SLICE_X0Y5           LUT3 (Prop_lut3_I2_O)        0.124     3.018 r  u_tx/tick_cnt[9]_i_1/O
                         net (fo=10, routed)          0.350     3.368    u_tx/tick_cnt_0[0]
    SLICE_X2Y6           FDRE                                         r  u_tx/tick_cnt_reg[0]/CE
  -------------------------------------------------------------------    -------------------





Min Delay Paths
--------------------------------------------------------------------------------------
Slack:                    inf
  Source:                 u_tx/tick_cnt_reg[7]/C
                            (rising edge-triggered cell FDRE)
  Destination:            u_tx/tick_cnt_reg[9]/D
  Path Group:             (none)
  Path Type:              Min at Fast Process Corner
  Data Path Delay:        0.337ns  (logic 0.209ns (62.106%)  route 0.128ns (37.894%))
  Logic Levels:           2  (FDRE=1 LUT6=1)

    Location             Delay type                Incr(ns)  Path(ns)    Netlist Resource(s)
  -------------------------------------------------------------------    -------------------
    SLICE_X0Y6           FDRE                         0.000     0.000 r  u_tx/tick_cnt_reg[7]/C
    SLICE_X0Y6           FDRE (Prop_fdre_C_Q)         0.164     0.164 r  u_tx/tick_cnt_reg[7]/Q
                         net (fo=5, routed)           0.128     0.292    u_tx/tick_cnt_reg_n_0_[7]
    SLICE_X1Y6           LUT6 (Prop_lut6_I3_O)        0.045     0.337 r  u_tx/tick_cnt[9]_i_2/O
                         net (fo=1, routed)           0.000     0.337    u_tx/tick_cnt[9]
    SLICE_X1Y6           FDRE                                         r  u_tx/tick_cnt_reg[9]/D
  -------------------------------------------------------------------    -------------------

Slack:                    inf
  Source:                 u_tx/tick_cnt_reg[0]/C
                            (rising edge-triggered cell FDRE)
  Destination:            u_tx/tick_cnt_reg[5]/D
  Path Group:             (none)
  Path Type:              Min at Fast Process Corner
  Data Path Delay:        0.348ns  (logic 0.209ns (60.106%)  route 0.139ns (39.894%))
  Logic Levels:           2  (FDRE=1 LUT6=1)

    Location             Delay type                Incr(ns)  Path(ns)    Netlist Resource(s)
  -------------------------------------------------------------------    -------------------
    SLICE_X2Y6           FDRE                         0.000     0.000 r  u_tx/tick_cnt_reg[0]/C
    SLICE_X2Y6           FDRE (Prop_fdre_C_Q)         0.164     0.164 r  u_tx/tick_cnt_reg[0]/Q
                         net (fo=8, routed)           0.139     0.303    u_tx/tick_cnt_reg_n_0_[0]
    SLICE_X3Y6           LUT6 (Prop_lut6_I5_O)        0.045     0.348 r  u_tx/tick_cnt[5]_i_1/O
                         net (fo=1, routed)           0.000     0.348    u_tx/tick_cnt[5]
    SLICE_X3Y6           FDRE                                         r  u_tx/tick_cnt_reg[5]/D
  -------------------------------------------------------------------    -------------------

Slack:                    inf
  Source:                 u_tx/tick_cnt_reg[4]/C
                            (rising edge-triggered cell FDRE)
  Destination:            u_tx/tick_cnt_reg[4]/D
  Path Group:             (none)
  Path Type:              Min at Fast Process Corner
  Data Path Delay:        0.354ns  (logic 0.186ns (52.507%)  route 0.168ns (47.493%))
  Logic Levels:           2  (FDRE=1 LUT6=1)

    Location             Delay type                Incr(ns)  Path(ns)    Netlist Resource(s)
  -------------------------------------------------------------------    -------------------
    SLICE_X1Y6           FDRE                         0.000     0.000 r  u_tx/tick_cnt_reg[4]/C
    SLICE_X1Y6           FDRE (Prop_fdre_C_Q)         0.141     0.141 r  u_tx/tick_cnt_reg[4]/Q
                         net (fo=4, routed)           0.168     0.309    u_tx/tick_cnt_reg_n_0_[4]
    SLICE_X1Y6           LUT6 (Prop_lut6_I2_O)        0.045     0.354 r  u_tx/tick_cnt[4]_i_1/O
                         net (fo=1, routed)           0.000     0.354    u_tx/tick_cnt[4]
    SLICE_X1Y6           FDRE                                         r  u_tx/tick_cnt_reg[4]/D
  -------------------------------------------------------------------    -------------------

Slack:                    inf
  Source:                 u_tx/shreg_reg[1]/C
                            (rising edge-triggered cell FDRE)
  Destination:            u_tx/tx_r_reg/D
  Path Group:             (none)
  Path Type:              Min at Fast Process Corner
  Data Path Delay:        0.354ns  (logic 0.254ns (71.669%)  route 0.100ns (28.331%))
  Logic Levels:           3  (FDRE=1 LUT6=2)

    Location             Delay type                Incr(ns)  Path(ns)    Netlist Resource(s)
  -------------------------------------------------------------------    -------------------
    SLICE_X0Y5           FDRE                         0.000     0.000 r  u_tx/shreg_reg[1]/C
    SLICE_X0Y5           FDRE (Prop_fdre_C_Q)         0.164     0.164 r  u_tx/shreg_reg[1]/Q
                         net (fo=1, routed)           0.049     0.213    u_tx/shreg_reg_n_0_[1]
    SLICE_X1Y5           LUT6 (Prop_lut6_I3_O)        0.045     0.258 r  u_tx/tx_r_i_3/O
                         net (fo=1, routed)           0.051     0.309    u_tx/tx_r_i_3_n_0
    SLICE_X1Y5           LUT6 (Prop_lut6_I1_O)        0.045     0.354 r  u_tx/tx_r_i_1/O
                         net (fo=1, routed)           0.000     0.354    u_tx/tx_r
    SLICE_X1Y5           FDSE                                         r  u_tx/tx_r_reg/D
  -------------------------------------------------------------------    -------------------

Slack:                    inf
  Source:                 u_tx/tick_cnt_reg[5]/C
                            (rising edge-triggered cell FDRE)
  Destination:            u_tx/tick_cnt_reg[6]/D
  Path Group:             (none)
  Path Type:              Min at Fast Process Corner
  Data Path Delay:        0.367ns  (logic 0.186ns (50.634%)  route 0.181ns (49.366%))
  Logic Levels:           2  (FDRE=1 LUT6=1)

    Location             Delay type                Incr(ns)  Path(ns)    Netlist Resource(s)
  -------------------------------------------------------------------    -------------------
    SLICE_X3Y6           FDRE                         0.000     0.000 r  u_tx/tick_cnt_reg[5]/C
    SLICE_X3Y6           FDRE (Prop_fdre_C_Q)         0.141     0.141 r  u_tx/tick_cnt_reg[5]/Q
                         net (fo=4, routed)           0.181     0.322    u_tx/tick_cnt_reg_n_0_[5]
    SLICE_X3Y6           LUT6 (Prop_lut6_I4_O)        0.045     0.367 r  u_tx/tick_cnt[6]_i_1/O
                         net (fo=1, routed)           0.000     0.367    u_tx/tick_cnt[6]
    SLICE_X3Y6           FDRE                                         r  u_tx/tick_cnt_reg[6]/D
  -------------------------------------------------------------------    -------------------

Slack:                    inf
  Source:                 u_tx/FSM_sequential_state_reg[0]/C
                            (rising edge-triggered cell FDRE)
  Destination:            u_tx/bit_idx_reg[0]/D
  Path Group:             (none)
  Path Type:              Min at Fast Process Corner
  Data Path Delay:        0.370ns  (logic 0.209ns (56.525%)  route 0.161ns (43.475%))
  Logic Levels:           2  (FDRE=1 LUT6=1)

    Location             Delay type                Incr(ns)  Path(ns)    Netlist Resource(s)
  -------------------------------------------------------------------    -------------------
    SLICE_X0Y7           FDRE                         0.000     0.000 r  u_tx/FSM_sequential_state_reg[0]/C
    SLICE_X0Y7           FDRE (Prop_fdre_C_Q)         0.164     0.164 r  u_tx/FSM_sequential_state_reg[0]/Q
                         net (fo=13, routed)          0.161     0.325    u_tx/state[0]
    SLICE_X1Y7           LUT6 (Prop_lut6_I2_O)        0.045     0.370 r  u_tx/bit_idx[0]_i_1/O
                         net (fo=1, routed)           0.000     0.370    u_tx/bit_idx[0]_i_1_n_0
    SLICE_X1Y7           FDRE                                         r  u_tx/bit_idx_reg[0]/D
  -------------------------------------------------------------------    -------------------

Slack:                    inf
  Source:                 u_tx/tick_cnt_reg[1]/C
                            (rising edge-triggered cell FDRE)
  Destination:            u_tx/tick_cnt_reg[3]/D
  Path Group:             (none)
  Path Type:              Min at Fast Process Corner
  Data Path Delay:        0.376ns  (logic 0.246ns (65.496%)  route 0.130ns (34.504%))
  Logic Levels:           2  (FDRE=1 LUT6=1)

    Location             Delay type                Incr(ns)  Path(ns)    Netlist Resource(s)
  -------------------------------------------------------------------    -------------------
    SLICE_X2Y6           FDRE                         0.000     0.000 r  u_tx/tick_cnt_reg[1]/C
    SLICE_X2Y6           FDRE (Prop_fdre_C_Q)         0.148     0.148 r  u_tx/tick_cnt_reg[1]/Q
                         net (fo=7, routed)           0.130     0.278    u_tx/tick_cnt_reg_n_0_[1]
    SLICE_X2Y6           LUT6 (Prop_lut6_I4_O)        0.098     0.376 r  u_tx/tick_cnt[3]_i_1/O
                         net (fo=1, routed)           0.000     0.376    u_tx/tick_cnt[3]
    SLICE_X2Y6           FDRE                                         r  u_tx/tick_cnt_reg[3]/D
  -------------------------------------------------------------------    -------------------

Slack:                    inf
  Source:                 u_tx/FSM_sequential_state_reg[1]/C
                            (rising edge-triggered cell FDRE)
  Destination:            u_tx/FSM_sequential_state_reg[0]/D
  Path Group:             (none)
  Path Type:              Min at Fast Process Corner
  Data Path Delay:        0.379ns  (logic 0.246ns (64.921%)  route 0.133ns (35.079%))
  Logic Levels:           2  (FDRE=1 LUT6=1)

    Location             Delay type                Incr(ns)  Path(ns)    Netlist Resource(s)
  -------------------------------------------------------------------    -------------------
    SLICE_X0Y7           FDRE                         0.000     0.000 r  u_tx/FSM_sequential_state_reg[1]/C
    SLICE_X0Y7           FDRE (Prop_fdre_C_Q)         0.148     0.148 r  u_tx/FSM_sequential_state_reg[1]/Q
                         net (fo=18, routed)          0.133     0.281    u_tx/state[1]
    SLICE_X0Y7           LUT6 (Prop_lut6_I2_O)        0.098     0.379 r  u_tx/FSM_sequential_state[0]_i_1/O
                         net (fo=1, routed)           0.000     0.379    u_tx/FSM_sequential_state[0]_i_1_n_0
    SLICE_X0Y7           FDRE                                         r  u_tx/FSM_sequential_state_reg[0]/D
  -------------------------------------------------------------------    -------------------

Slack:                    inf
  Source:                 u_tx/tick_cnt_reg[8]/C
                            (rising edge-triggered cell FDRE)
  Destination:            u_tx/tick_cnt_reg[8]/D
  Path Group:             (none)
  Path Type:              Min at Fast Process Corner
  Data Path Delay:        0.384ns  (logic 0.209ns (54.428%)  route 0.175ns (45.572%))
  Logic Levels:           2  (FDRE=1 LUT6=1)

    Location             Delay type                Incr(ns)  Path(ns)    Netlist Resource(s)
  -------------------------------------------------------------------    -------------------
    SLICE_X0Y6           FDRE                         0.000     0.000 r  u_tx/tick_cnt_reg[8]/C
    SLICE_X0Y6           FDRE (Prop_fdre_C_Q)         0.164     0.164 r  u_tx/tick_cnt_reg[8]/Q
                         net (fo=3, routed)           0.175     0.339    u_tx/tick_cnt_reg_n_0_[8]
    SLICE_X0Y6           LUT6 (Prop_lut6_I2_O)        0.045     0.384 r  u_tx/tick_cnt[8]_i_1/O
                         net (fo=1, routed)           0.000     0.384    u_tx/tick_cnt[8]
    SLICE_X0Y6           FDRE                                         r  u_tx/tick_cnt_reg[8]/D
  -------------------------------------------------------------------    -------------------

Slack:                    inf
  Source:                 u_tx/FSM_sequential_state_reg[0]/C
                            (rising edge-triggered cell FDRE)
  Destination:            u_tx/tick_cnt_reg[7]/D
  Path Group:             (none)
  Path Type:              Min at Fast Process Corner
  Data Path Delay:        0.397ns  (logic 0.209ns (52.711%)  route 0.188ns (47.289%))
  Logic Levels:           2  (FDRE=1 LUT6=1)

    Location             Delay type                Incr(ns)  Path(ns)    Netlist Resource(s)
  -------------------------------------------------------------------    -------------------
    SLICE_X0Y7           FDRE                         0.000     0.000 r  u_tx/FSM_sequential_state_reg[0]/C
    SLICE_X0Y7           FDRE (Prop_fdre_C_Q)         0.164     0.164 r  u_tx/FSM_sequential_state_reg[0]/Q
                         net (fo=13, routed)          0.188     0.352    u_tx/state[0]
    SLICE_X0Y6           LUT6 (Prop_lut6_I0_O)        0.045     0.397 r  u_tx/tick_cnt[7]_i_1/O
                         net (fo=1, routed)           0.000     0.397    u_tx/tick_cnt[7]
    SLICE_X0Y6           FDRE                                         r  u_tx/tick_cnt_reg[7]/D
  -------------------------------------------------------------------    -------------------





