Copyright 1986-2022 Xilinx, Inc. All Rights Reserved. Copyright 2022-2025 Advanced Micro Devices, Inc. All Rights Reserved.
---------------------------------------------------------------------------------------------------------------------------------------------------------------------------------------------------------------------
| Tool Version : Vivado v.2025.2 (win64) Build 6299465 Fri Nov 14 19:35:11 GMT 2025
| Date         : Thu Apr 16 13:31:20 2026
| Host         : DESKTOP-QU8QVCL running 64-bit major release  (build 9200)
| Command      : report_timing_summary -max_paths 10 -routable_nets -report_unconstrained -file osc_timing_summary_routed.rpt -pb osc_timing_summary_routed.pb -rpx osc_timing_summary_routed.rpx -warn_on_violation
| Design       : osc
| Device       : 7z020-clg484
| Speed File   : -1  PRODUCTION 1.12 2019-11-22
| Design State : Routed
---------------------------------------------------------------------------------------------------------------------------------------------------------------------------------------------------------------------

Timing Summary Report

------------------------------------------------------------------------------------------------
| Timer Settings
| --------------
------------------------------------------------------------------------------------------------

  Enable Multi Corner Analysis               :  Yes
  Enable Pessimism Removal                   :  Yes
  Pessimism Removal Resolution               :  Nearest Common Node
  Enable Input Delay Default Clock           :  No
  Enable Preset / Clear Arcs                 :  No
  Disable Flight Delays                      :  No
  Ignore I/O Paths                           :  No
  Timing Early Launch at Borrowing Latches   :  No
  Borrow Time for Max Delay Exceptions       :  Yes
  Merge Timing Exceptions                    :  Yes
  Inter-SLR Compensation                     :  Conservative

  Corner  Analyze    Analyze    
  Name    Max Paths  Min Paths  
  ------  ---------  ---------  
  Slow    Yes        Yes        
  Fast    Yes        Yes        


------------------------------------------------------------------------------------------------
| Report Methodology
| ------------------
------------------------------------------------------------------------------------------------

Rule       Severity          Description                  Violations  
---------  ----------------  ---------------------------  ----------  
TIMING-17  Critical Warning  Non-clocked sequential cell  84          

Note: This report is based on the most recent report_methodology run and may not be up-to-date. Run report_methodology on the current design for the latest report.



check_timing report

Table of Contents
-----------------
1. checking no_clock (84)
2. checking constant_clock (0)
3. checking pulse_width_clock (0)
4. checking unconstrained_internal_endpoints (186)
5. checking no_input_delay (11)
6. checking no_output_delay (11)
7. checking multiple_clock (0)
8. checking generated_clocks (0)
9. checking loops (0)
10. checking partial_input_delay (0)
11. checking partial_output_delay (0)
12. checking latch_loops (0)

1. checking no_clock (84)
-------------------------
 There are 76 register/latch pins with no clock driven by root clock pin: clk (HIGH)

 There are 8 register/latch pins with no clock driven by root clock pin: u_wave/clk_divided_reg/Q (HIGH)


2. checking constant_clock (0)
------------------------------
 There are 0 register/latch pins with constant_clock.


3. checking pulse_width_clock (0)
---------------------------------
 There are 0 register/latch pins which need pulse_width check


4. checking unconstrained_internal_endpoints (186)
--------------------------------------------------
 There are 186 pins that are not constrained for maximum delay. (HIGH)

 There are 0 pins that are not constrained for maximum delay due to constant clock.


5. checking no_input_delay (11)
-------------------------------
 There are 11 input ports with no input delay specified. (HIGH)

 There are 0 input ports with no input delay but user has a false path constraint.


6. checking no_output_delay (11)
--------------------------------
 There are 11 ports with no output delay specified. (HIGH)

 There are 0 ports with no output delay but user has a false path constraint

 There are 0 ports with no output delay but with a timing clock defined on it or propagating through it


7. checking multiple_clock (0)
------------------------------
 There are 0 register/latch pins with multiple clocks.


8. checking generated_clocks (0)
--------------------------------
 There are 0 generated clocks that are not connected to a clock source.


9. checking loops (0)
---------------------
 There are 0 combinational loops in the design.


10. checking partial_input_delay (0)
------------------------------------
 There are 0 input ports with partial input delay specified.


11. checking partial_output_delay (0)
-------------------------------------
 There are 0 ports with partial output delay specified.


12. checking latch_loops (0)
----------------------------
 There are 0 combinational latch loops in the design through latch input



------------------------------------------------------------------------------------------------
| Design Timing Summary
| ---------------------
------------------------------------------------------------------------------------------------

    WNS(ns)      TNS(ns)  TNS Failing Endpoints  TNS Total Endpoints      WHS(ns)      THS(ns)  THS Failing Endpoints  THS Total Endpoints     WPWS(ns)     TPWS(ns)  TPWS Failing Endpoints  TPWS Total Endpoints  
    -------      -------  ---------------------  -------------------      -------      -------  ---------------------  -------------------     --------     --------  ----------------------  --------------------  
        inf        0.000                      0                  197          inf        0.000                      0                  197           NA           NA                      NA                    NA  


There are no user specified timing constraints.


------------------------------------------------------------------------------------------------
| Clock Summary
| -------------
------------------------------------------------------------------------------------------------


------------------------------------------------------------------------------------------------
| Intra Clock Table
| -----------------
------------------------------------------------------------------------------------------------

Clock             WNS(ns)      TNS(ns)  TNS Failing Endpoints  TNS Total Endpoints      WHS(ns)      THS(ns)  THS Failing Endpoints  THS Total Endpoints     WPWS(ns)     TPWS(ns)  TPWS Failing Endpoints  TPWS Total Endpoints  
-----             -------      -------  ---------------------  -------------------      -------      -------  ---------------------  -------------------     --------     --------  ----------------------  --------------------  


------------------------------------------------------------------------------------------------
| Inter Clock Table
| -----------------
------------------------------------------------------------------------------------------------

From Clock    To Clock          WNS(ns)      TNS(ns)  TNS Failing Endpoints  TNS Total Endpoints      WHS(ns)      THS(ns)  THS Failing Endpoints  THS Total Endpoints  
----------    --------          -------      -------  ---------------------  -------------------      -------      -------  ---------------------  -------------------  


------------------------------------------------------------------------------------------------
| Other Path Groups Table
| -----------------------
------------------------------------------------------------------------------------------------

Path Group    From Clock    To Clock          WNS(ns)      TNS(ns)  TNS Failing Endpoints  TNS Total Endpoints      WHS(ns)      THS(ns)  THS Failing Endpoints  THS Total Endpoints  
----------    ----------    --------          -------      -------  ---------------------  -------------------      -------      -------  ---------------------  -------------------  


------------------------------------------------------------------------------------------------
| User Ignored Path Table
| -----------------------
------------------------------------------------------------------------------------------------

Path Group    From Clock    To Clock    
----------    ----------    --------    


------------------------------------------------------------------------------------------------
| Unconstrained Path Table
| ------------------------
------------------------------------------------------------------------------------------------

Path Group    From Clock    To Clock    
----------    ----------    --------    
(none)                                    


------------------------------------------------------------------------------------------------
| Timing Details
| --------------
------------------------------------------------------------------------------------------------


--------------------------------------------------------------------------------------
Path Group:  (none)
From Clock:  
  To Clock:  

Max Delay           197 Endpoints
Min Delay           197 Endpoints
--------------------------------------------------------------------------------------


Max Delay Paths
--------------------------------------------------------------------------------------
Slack:                    inf
  Source:                 u_wave/counter_reg[3]/C
                            (rising edge-triggered cell FDCE)
  Destination:            pwm_out
                            (output port)
  Path Group:             (none)
  Path Type:              Max at Slow Process Corner
  Data Path Delay:        8.084ns  (logic 4.258ns (52.668%)  route 3.826ns (47.332%))
  Logic Levels:           5  (CARRY4=1 FDCE=1 LUT2=1 LUT4=1 OBUF=1)

    Location             Delay type                Incr(ns)  Path(ns)    Netlist Resource(s)
  -------------------------------------------------------------------    -------------------
    SLICE_X1Y15          FDCE                         0.000     0.000 r  u_wave/counter_reg[3]/C
    SLICE_X1Y15          FDCE (Prop_fdce_C_Q)         0.419     0.419 r  u_wave/counter_reg[3]/Q
                         net (fo=7, routed)           0.847     1.266    u_uart/Q[3]
    SLICE_X1Y16          LUT4 (Prop_lut4_I1_O)        0.296     1.562 r  u_uart/pwm_out1_carry_i_7/O
                         net (fo=1, routed)           0.000     1.562    u_wave/S[1]
    SLICE_X1Y16          CARRY4 (Prop_carry4_S[1]_CO[3])
                                                      0.550     2.112 r  u_wave/pwm_out1_carry/CO[3]
                         net (fo=1, routed)           1.112     3.224    u_uart/CO[0]
    SLICE_X0Y17          LUT2 (Prop_lut2_I0_O)        0.146     3.370 r  u_uart/pwm_out_OBUF_inst_i_1/O
                         net (fo=1, routed)           1.868     5.237    pwm_out_OBUF
    AA6                  OBUF (Prop_obuf_I_O)         2.847     8.084 r  pwm_out_OBUF_inst/O
                         net (fo=0)                   0.000     8.084    pwm_out
    AA6                                                               r  pwm_out (OUT)
  -------------------------------------------------------------------    -------------------

Slack:                    inf
  Source:                 u_uart/u_tx/FSM_sequential_state_reg[0]/C
                            (rising edge-triggered cell FDRE)
  Destination:            o_tx_busy
                            (output port)
  Path Group:             (none)
  Path Type:              Max at Slow Process Corner
  Data Path Delay:        6.438ns  (logic 3.294ns (51.154%)  route 3.145ns (48.846%))
  Logic Levels:           3  (FDRE=1 LUT2=1 OBUF=1)

    Location             Delay type                Incr(ns)  Path(ns)    Netlist Resource(s)
  -------------------------------------------------------------------    -------------------
    SLICE_X0Y2           FDRE                         0.000     0.000 r  u_uart/u_tx/FSM_sequential_state_reg[0]/C
    SLICE_X0Y2           FDRE (Prop_fdre_C_Q)         0.518     0.518 r  u_uart/u_tx/FSM_sequential_state_reg[0]/Q
                         net (fo=13, routed)          0.863     1.381    u_uart/u_tx/state[0]
    SLICE_X0Y2           LUT2 (Prop_lut2_I0_O)        0.124     1.505 r  u_uart/u_tx/o_tx_busy_OBUF_inst_i_1/O
                         net (fo=7, routed)           2.282     3.787    o_tx_busy_OBUF
    AB2                  OBUF (Prop_obuf_I_O)         2.652     6.438 r  o_tx_busy_OBUF_inst/O
                         net (fo=0)                   0.000     6.438    o_tx_busy
    AB2                                                               r  o_tx_busy (OUT)
  -------------------------------------------------------------------    -------------------

Slack:                    inf
  Source:                 u_wave/counter_reg[1]/C
                            (rising edge-triggered cell FDCE)
  Destination:            saw_out[1]
                            (output port)
  Path Group:             (none)
  Path Type:              Max at Slow Process Corner
  Data Path Delay:        6.412ns  (logic 3.589ns (55.968%)  route 2.823ns (44.032%))
  Logic Levels:           3  (FDCE=1 LUT2=1 OBUF=1)

    Location             Delay type                Incr(ns)  Path(ns)    Netlist Resource(s)
  -------------------------------------------------------------------    -------------------
    SLICE_X1Y15          FDCE                         0.000     0.000 r  u_wave/counter_reg[1]/C
    SLICE_X1Y15          FDCE (Prop_fdce_C_Q)         0.419     0.419 r  u_wave/counter_reg[1]/Q
                         net (fo=9, routed)           0.913     1.332    u_wave/Q[1]
    SLICE_X0Y15          LUT2 (Prop_lut2_I0_O)        0.327     1.659 r  u_wave/saw_out_OBUF[1]_inst_i_1/O
                         net (fo=1, routed)           1.911     3.569    saw_out_OBUF[1]
    R6                   OBUF (Prop_obuf_I_O)         2.843     6.412 r  saw_out_OBUF[1]_inst/O
                         net (fo=0)                   0.000     6.412    saw_out[1]
    R6                                                                r  saw_out[1] (OUT)
  -------------------------------------------------------------------    -------------------

Slack:                    inf
  Source:                 u_uart/o_wave_sel_reg/C
                            (rising edge-triggered cell FDRE)
  Destination:            saw_out[3]
                            (output port)
  Path Group:             (none)
  Path Type:              Max at Slow Process Corner
  Data Path Delay:        5.999ns  (logic 3.485ns (58.103%)  route 2.513ns (41.897%))
  Logic Levels:           3  (FDRE=1 LUT2=1 OBUF=1)

    Location             Delay type                Incr(ns)  Path(ns)    Netlist Resource(s)
  -------------------------------------------------------------------    -------------------
    SLICE_X0Y15          FDRE                         0.000     0.000 r  u_uart/o_wave_sel_reg/C
    SLICE_X0Y15          FDRE (Prop_fdre_C_Q)         0.518     0.518 r  u_uart/o_wave_sel_reg/Q
                         net (fo=10, routed)          0.839     1.357    u_wave/wave_sel_sig
    SLICE_X0Y15          LUT2 (Prop_lut2_I1_O)        0.153     1.510 r  u_wave/saw_out_OBUF[3]_inst_i_1/O
                         net (fo=1, routed)           1.674     3.184    saw_out_OBUF[3]
    Y4                   OBUF (Prop_obuf_I_O)         2.814     5.999 r  saw_out_OBUF[3]_inst/O
                         net (fo=0)                   0.000     5.999    saw_out[3]
    Y4                                                                r  saw_out[3] (OUT)
  -------------------------------------------------------------------    -------------------

Slack:                    inf
  Source:                 u_uart/o_wave_sel_reg/C
                            (rising edge-triggered cell FDRE)
  Destination:            saw_out[6]
                            (output port)
  Path Group:             (none)
  Path Type:              Max at Slow Process Corner
  Data Path Delay:        5.956ns  (logic 3.271ns (54.930%)  route 2.684ns (45.070%))
  Logic Levels:           3  (FDRE=1 LUT2=1 OBUF=1)

    Location             Delay type                Incr(ns)  Path(ns)    Netlist Resource(s)
  -------------------------------------------------------------------    -------------------
    SLICE_X0Y15          FDRE                         0.000     0.000 r  u_uart/o_wave_sel_reg/C
    SLICE_X0Y15          FDRE (Prop_fdre_C_Q)         0.518     0.518 r  u_uart/o_wave_sel_reg/Q
                         net (fo=10, routed)          1.154     1.672    u_uart/wave_sel_sig
    SLICE_X0Y17          LUT2 (Prop_lut2_I0_O)        0.124     1.796 r  u_uart/saw_out_OBUF[6]_inst_i_1/O
                         net (fo=1, routed)           1.530     3.326    saw_out_OBUF[6]
    AB4                  OBUF (Prop_obuf_I_O)         2.629     5.956 r  saw_out_OBUF[6]_inst/O
                         net (fo=0)                   0.000     5.956    saw_out[6]
    AB4                                                               r  saw_out[6] (OUT)
  -------------------------------------------------------------------    -------------------

Slack:                    inf
  Source:                 u_uart/o_wave_sel_reg/C
                            (rising edge-triggered cell FDRE)
  Destination:            saw_out[2]
                            (output port)
  Path Group:             (none)
  Path Type:              Max at Slow Process Corner
  Data Path Delay:        5.916ns  (logic 3.269ns (55.249%)  route 2.648ns (44.751%))
  Logic Levels:           3  (FDRE=1 LUT2=1 OBUF=1)

    Location             Delay type                Incr(ns)  Path(ns)    Netlist Resource(s)
  -------------------------------------------------------------------    -------------------
    SLICE_X0Y15          FDRE                         0.000     0.000 r  u_uart/o_wave_sel_reg/C
    SLICE_X0Y15          FDRE (Prop_fdre_C_Q)         0.518     0.518 r  u_uart/o_wave_sel_reg/Q
                         net (fo=10, routed)          0.839     1.357    u_wave/wave_sel_sig
    SLICE_X0Y15          LUT2 (Prop_lut2_I1_O)        0.124     1.481 r  u_wave/saw_out_OBUF[2]_inst_i_1/O
                         net (fo=1, routed)           1.808     3.290    saw_out_OBUF[2]
    AA4                  OBUF (Prop_obuf_I_O)         2.627     5.916 r  saw_out_OBUF[2]_inst/O
                         net (fo=0)                   0.000     5.916    saw_out[2]
    AA4                                                               r  saw_out[2] (OUT)
  -------------------------------------------------------------------    -------------------

Slack:                    inf
  Source:                 u_wave/counter_reg[4]/C
                            (rising edge-triggered cell FDCE)
  Destination:            saw_out[4]
                            (output port)
  Path Group:             (none)
  Path Type:              Max at Slow Process Corner
  Data Path Delay:        5.848ns  (logic 3.276ns (56.021%)  route 2.572ns (43.979%))
  Logic Levels:           3  (FDCE=1 LUT2=1 OBUF=1)

    Location             Delay type                Incr(ns)  Path(ns)    Netlist Resource(s)
  -------------------------------------------------------------------    -------------------
    SLICE_X0Y16          FDCE                         0.000     0.000 r  u_wave/counter_reg[4]/C
    SLICE_X0Y16          FDCE (Prop_fdce_C_Q)         0.518     0.518 r  u_wave/counter_reg[4]/Q
                         net (fo=7, routed)           0.761     1.279    u_wave/Q[4]
    SLICE_X0Y16          LUT2 (Prop_lut2_I0_O)        0.124     1.403 r  u_wave/saw_out_OBUF[4]_inst_i_1/O
                         net (fo=1, routed)           1.812     3.214    saw_out_OBUF[4]
    AB6                  OBUF (Prop_obuf_I_O)         2.634     5.848 r  saw_out_OBUF[4]_inst/O
                         net (fo=0)                   0.000     5.848    saw_out[4]
    AB6                                                               r  saw_out[4] (OUT)
  -------------------------------------------------------------------    -------------------

Slack:                    inf
  Source:                 u_wave/counter_reg[7]/C
                            (rising edge-triggered cell FDCE)
  Destination:            saw_out[7]
                            (output port)
  Path Group:             (none)
  Path Type:              Max at Slow Process Corner
  Data Path Delay:        5.830ns  (logic 3.658ns (62.732%)  route 2.173ns (37.268%))
  Logic Levels:           3  (FDCE=1 LUT2=1 OBUF=1)

    Location             Delay type                Incr(ns)  Path(ns)    Netlist Resource(s)
  -------------------------------------------------------------------    -------------------
    SLICE_X0Y16          FDCE                         0.000     0.000 r  u_wave/counter_reg[7]/C
    SLICE_X0Y16          FDCE (Prop_fdce_C_Q)         0.478     0.478 r  u_wave/counter_reg[7]/Q
                         net (fo=4, routed)           0.498     0.976    u_wave/Q[7]
    SLICE_X0Y16          LUT2 (Prop_lut2_I0_O)        0.320     1.296 r  u_wave/saw_out_OBUF[7]_inst_i_1/O
                         net (fo=1, routed)           1.675     2.971    saw_out_OBUF[7]
    AB5                  OBUF (Prop_obuf_I_O)         2.860     5.830 r  saw_out_OBUF[7]_inst/O
                         net (fo=0)                   0.000     5.830    saw_out[7]
    AB5                                                               r  saw_out[7] (OUT)
  -------------------------------------------------------------------    -------------------

Slack:                    inf
  Source:                 u_wave/counter_reg[5]/C
                            (rising edge-triggered cell FDCE)
  Destination:            saw_out[5]
                            (output port)
  Path Group:             (none)
  Path Type:              Max at Slow Process Corner
  Data Path Delay:        5.801ns  (logic 3.285ns (56.626%)  route 2.516ns (43.374%))
  Logic Levels:           3  (FDCE=1 LUT2=1 OBUF=1)

    Location             Delay type                Incr(ns)  Path(ns)    Netlist Resource(s)
  -------------------------------------------------------------------    -------------------
    SLICE_X0Y16          FDCE                         0.000     0.000 r  u_wave/counter_reg[5]/C
    SLICE_X0Y16          FDCE (Prop_fdce_C_Q)         0.518     0.518 r  u_wave/counter_reg[5]/Q
                         net (fo=6, routed)           0.819     1.337    u_uart/Q[5]
    SLICE_X1Y15          LUT2 (Prop_lut2_I1_O)        0.124     1.461 r  u_uart/saw_out_OBUF[5]_inst_i_1/O
                         net (fo=1, routed)           1.697     3.158    saw_out_OBUF[5]
    AB7                  OBUF (Prop_obuf_I_O)         2.643     5.801 r  saw_out_OBUF[5]_inst/O
                         net (fo=0)                   0.000     5.801    saw_out[5]
    AB7                                                               r  saw_out[5] (OUT)
  -------------------------------------------------------------------    -------------------

Slack:                    inf
  Source:                 u_uart/o_wave_sel_reg/C
                            (rising edge-triggered cell FDRE)
  Destination:            saw_out[0]
                            (output port)
  Path Group:             (none)
  Path Type:              Max at Slow Process Corner
  Data Path Delay:        5.634ns  (logic 3.219ns (57.126%)  route 2.416ns (42.874%))
  Logic Levels:           3  (FDRE=1 LUT2=1 OBUF=1)

    Location             Delay type                Incr(ns)  Path(ns)    Netlist Resource(s)
  -------------------------------------------------------------------    -------------------
    SLICE_X0Y15          FDRE                         0.000     0.000 r  u_uart/o_wave_sel_reg/C
    SLICE_X0Y15          FDRE (Prop_fdre_C_Q)         0.518     0.518 r  u_uart/o_wave_sel_reg/Q
                         net (fo=10, routed)          0.553     1.071    u_wave/wave_sel_sig
    SLICE_X0Y15          LUT2 (Prop_lut2_I1_O)        0.124     1.195 r  u_wave/saw_out_OBUF[0]_inst_i_1/O
                         net (fo=1, routed)           1.862     3.058    saw_out_OBUF[0]
    T6                   OBUF (Prop_obuf_I_O)         2.577     5.634 r  saw_out_OBUF[0]_inst/O
                         net (fo=0)                   0.000     5.634    saw_out[0]
    T6                                                                r  saw_out[0] (OUT)
  -------------------------------------------------------------------    -------------------





Min Delay Paths
--------------------------------------------------------------------------------------
Slack:                    inf
  Source:                 u_uart/u_rx/o_data_reg[4]/C
                            (rising edge-triggered cell FDRE)
  Destination:            u_uart/o_duty_reg[4]/D
  Path Group:             (none)
  Path Type:              Min at Fast Process Corner
  Data Path Delay:        0.261ns  (logic 0.148ns (56.607%)  route 0.113ns (43.393%))
  Logic Levels:           1  (FDRE=1)

    Location             Delay type                Incr(ns)  Path(ns)    Netlist Resource(s)
  -------------------------------------------------------------------    -------------------
    SLICE_X2Y15          FDRE                         0.000     0.000 r  u_uart/u_rx/o_data_reg[4]/C
    SLICE_X2Y15          FDRE (Prop_fdre_C_Q)         0.148     0.148 r  u_uart/u_rx/o_data_reg[4]/Q
                         net (fo=1, routed)           0.113     0.261    u_uart/o_data[4]
    SLICE_X2Y16          FDRE                                         r  u_uart/o_duty_reg[4]/D
  -------------------------------------------------------------------    -------------------

Slack:                    inf
  Source:                 u_uart/u_rx/shreg_reg[6]/C
                            (rising edge-triggered cell FDRE)
  Destination:            u_uart/u_rx/o_data_reg[6]/D
  Path Group:             (none)
  Path Type:              Min at Fast Process Corner
  Data Path Delay:        0.268ns  (logic 0.141ns (52.527%)  route 0.127ns (47.473%))
  Logic Levels:           1  (FDRE=1)

    Location             Delay type                Incr(ns)  Path(ns)    Netlist Resource(s)
  -------------------------------------------------------------------    -------------------
    SLICE_X3Y15          FDRE                         0.000     0.000 r  u_uart/u_rx/shreg_reg[6]/C
    SLICE_X3Y15          FDRE (Prop_fdre_C_Q)         0.141     0.141 r  u_uart/u_rx/shreg_reg[6]/Q
                         net (fo=2, routed)           0.127     0.268    u_uart/u_rx/shreg[6]
    SLICE_X2Y15          FDRE                                         r  u_uart/u_rx/o_data_reg[6]/D
  -------------------------------------------------------------------    -------------------

Slack:                    inf
  Source:                 u_uart/u_rx/o_data_reg[1]/C
                            (rising edge-triggered cell FDRE)
  Destination:            u_uart/o_duty_reg[1]/D
  Path Group:             (none)
  Path Type:              Min at Fast Process Corner
  Data Path Delay:        0.274ns  (logic 0.164ns (59.853%)  route 0.110ns (40.147%))
  Logic Levels:           1  (FDRE=1)

    Location             Delay type                Incr(ns)  Path(ns)    Netlist Resource(s)
  -------------------------------------------------------------------    -------------------
    SLICE_X2Y15          FDRE                         0.000     0.000 r  u_uart/u_rx/o_data_reg[1]/C
    SLICE_X2Y15          FDRE (Prop_fdre_C_Q)         0.164     0.164 r  u_uart/u_rx/o_data_reg[1]/Q
                         net (fo=1, routed)           0.110     0.274    u_uart/o_data[1]
    SLICE_X3Y16          FDRE                                         r  u_uart/o_duty_reg[1]/D
  -------------------------------------------------------------------    -------------------

Slack:                    inf
  Source:                 u_uart/u_rx/o_data_reg[3]/C
                            (rising edge-triggered cell FDRE)
  Destination:            u_uart/o_duty_reg[3]/D
  Path Group:             (none)
  Path Type:              Min at Fast Process Corner
  Data Path Delay:        0.274ns  (logic 0.164ns (59.853%)  route 0.110ns (40.147%))
  Logic Levels:           1  (FDRE=1)

    Location             Delay type                Incr(ns)  Path(ns)    Netlist Resource(s)
  -------------------------------------------------------------------    -------------------
    SLICE_X2Y15          FDRE                         0.000     0.000 r  u_uart/u_rx/o_data_reg[3]/C
    SLICE_X2Y15          FDRE (Prop_fdre_C_Q)         0.164     0.164 r  u_uart/u_rx/o_data_reg[3]/Q
                         net (fo=1, routed)           0.110     0.274    u_uart/o_data[3]
    SLICE_X3Y16          FDRE                                         r  u_uart/o_duty_reg[3]/D
  -------------------------------------------------------------------    -------------------

Slack:                    inf
  Source:                 u_uart/u_rx/o_data_reg[0]/C
                            (rising edge-triggered cell FDRE)
  Destination:            u_uart/o_duty_reg[0]/D
  Path Group:             (none)
  Path Type:              Min at Fast Process Corner
  Data Path Delay:        0.275ns  (logic 0.164ns (59.555%)  route 0.111ns (40.445%))
  Logic Levels:           1  (FDRE=1)

    Location             Delay type                Incr(ns)  Path(ns)    Netlist Resource(s)
  -------------------------------------------------------------------    -------------------
    SLICE_X2Y15          FDRE                         0.000     0.000 r  u_uart/u_rx/o_data_reg[0]/C
    SLICE_X2Y15          FDRE (Prop_fdre_C_Q)         0.164     0.164 r  u_uart/u_rx/o_data_reg[0]/Q
                         net (fo=2, routed)           0.111     0.275    u_uart/o_data[0]
    SLICE_X1Y16          FDRE                                         r  u_uart/o_duty_reg[0]/D
  -------------------------------------------------------------------    -------------------

Slack:                    inf
  Source:                 u_uart/u_rx/shreg_reg[4]/C
                            (rising edge-triggered cell FDRE)
  Destination:            u_uart/u_rx/o_data_reg[4]/D
  Path Group:             (none)
  Path Type:              Min at Fast Process Corner
  Data Path Delay:        0.285ns  (logic 0.164ns (57.522%)  route 0.121ns (42.478%))
  Logic Levels:           1  (FDRE=1)

    Location             Delay type                Incr(ns)  Path(ns)    Netlist Resource(s)
  -------------------------------------------------------------------    -------------------
    SLICE_X2Y14          FDRE                         0.000     0.000 r  u_uart/u_rx/shreg_reg[4]/C
    SLICE_X2Y14          FDRE (Prop_fdre_C_Q)         0.164     0.164 r  u_uart/u_rx/shreg_reg[4]/Q
                         net (fo=2, routed)           0.121     0.285    u_uart/u_rx/shreg[4]
    SLICE_X2Y15          FDRE                                         r  u_uart/u_rx/o_data_reg[4]/D
  -------------------------------------------------------------------    -------------------

Slack:                    inf
  Source:                 u_uart/u_rx/shreg_reg[2]/C
                            (rising edge-triggered cell FDRE)
  Destination:            u_uart/u_rx/o_data_reg[2]/D
  Path Group:             (none)
  Path Type:              Min at Fast Process Corner
  Data Path Delay:        0.285ns  (logic 0.164ns (57.488%)  route 0.121ns (42.512%))
  Logic Levels:           1  (FDRE=1)

    Location             Delay type                Incr(ns)  Path(ns)    Netlist Resource(s)
  -------------------------------------------------------------------    -------------------
    SLICE_X2Y14          FDRE                         0.000     0.000 r  u_uart/u_rx/shreg_reg[2]/C
    SLICE_X2Y14          FDRE (Prop_fdre_C_Q)         0.164     0.164 r  u_uart/u_rx/shreg_reg[2]/Q
                         net (fo=2, routed)           0.121     0.285    u_uart/u_rx/shreg[2]
    SLICE_X2Y15          FDRE                                         r  u_uart/u_rx/o_data_reg[2]/D
  -------------------------------------------------------------------    -------------------

Slack:                    inf
  Source:                 u_uart/u_rx/shreg_reg[7]/C
                            (rising edge-triggered cell FDRE)
  Destination:            u_uart/u_rx/shreg_reg[7]/D
  Path Group:             (none)
  Path Type:              Min at Fast Process Corner
  Data Path Delay:        0.305ns  (logic 0.186ns (60.970%)  route 0.119ns (39.030%))
  Logic Levels:           2  (FDRE=1 LUT6=1)

    Location             Delay type                Incr(ns)  Path(ns)    Netlist Resource(s)
  -------------------------------------------------------------------    -------------------
    SLICE_X3Y15          FDRE                         0.000     0.000 r  u_uart/u_rx/shreg_reg[7]/C
    SLICE_X3Y15          FDRE (Prop_fdre_C_Q)         0.141     0.141 r  u_uart/u_rx/shreg_reg[7]/Q
                         net (fo=2, routed)           0.119     0.260    u_uart/u_rx/shreg[7]
    SLICE_X3Y15          LUT6 (Prop_lut6_I5_O)        0.045     0.305 r  u_uart/u_rx/shreg[7]_i_1/O
                         net (fo=1, routed)           0.000     0.305    u_uart/u_rx/shreg[7]_i_1_n_0
    SLICE_X3Y15          FDRE                                         r  u_uart/u_rx/shreg_reg[7]/D
  -------------------------------------------------------------------    -------------------

Slack:                    inf
  Source:                 u_uart/u_rx/tick_cnt_reg[0]/C
                            (rising edge-triggered cell FDRE)
  Destination:            u_uart/u_rx/tick_cnt_reg[4]/D
  Path Group:             (none)
  Path Type:              Min at Fast Process Corner
  Data Path Delay:        0.319ns  (logic 0.186ns (58.389%)  route 0.133ns (41.611%))
  Logic Levels:           2  (FDRE=1 LUT6=1)

    Location             Delay type                Incr(ns)  Path(ns)    Netlist Resource(s)
  -------------------------------------------------------------------    -------------------
    SLICE_X5Y15          FDRE                         0.000     0.000 r  u_uart/u_rx/tick_cnt_reg[0]/C
    SLICE_X5Y15          FDRE (Prop_fdre_C_Q)         0.141     0.141 r  u_uart/u_rx/tick_cnt_reg[0]/Q
                         net (fo=10, routed)          0.133     0.274    u_uart/u_rx/tick_cnt_reg_n_0_[0]
    SLICE_X4Y15          LUT6 (Prop_lut6_I0_O)        0.045     0.319 r  u_uart/u_rx/tick_cnt[4]_i_1__0/O
                         net (fo=1, routed)           0.000     0.319    u_uart/u_rx/tick_cnt[4]_i_1__0_n_0
    SLICE_X4Y15          FDRE                                         r  u_uart/u_rx/tick_cnt_reg[4]/D
  -------------------------------------------------------------------    -------------------

Slack:                    inf
  Source:                 u_uart/u_rx/tick_cnt_reg[0]/C
                            (rising edge-triggered cell FDRE)
  Destination:            u_uart/u_rx/tick_cnt_reg[1]/D
  Path Group:             (none)
  Path Type:              Min at Fast Process Corner
  Data Path Delay:        0.323ns  (logic 0.186ns (57.665%)  route 0.137ns (42.335%))
  Logic Levels:           2  (FDRE=1 LUT6=1)

    Location             Delay type                Incr(ns)  Path(ns)    Netlist Resource(s)
  -------------------------------------------------------------------    -------------------
    SLICE_X5Y15          FDRE                         0.000     0.000 r  u_uart/u_rx/tick_cnt_reg[0]/C
    SLICE_X5Y15          FDRE (Prop_fdre_C_Q)         0.141     0.141 r  u_uart/u_rx/tick_cnt_reg[0]/Q
                         net (fo=10, routed)          0.137     0.278    u_uart/u_rx/tick_cnt_reg_n_0_[0]
    SLICE_X4Y15          LUT6 (Prop_lut6_I0_O)        0.045     0.323 r  u_uart/u_rx/tick_cnt[1]_i_1__0/O
                         net (fo=1, routed)           0.000     0.323    u_uart/u_rx/tick_cnt[1]_i_1__0_n_0
    SLICE_X4Y15          FDRE                                         r  u_uart/u_rx/tick_cnt_reg[1]/D
  -------------------------------------------------------------------    -------------------





