Copyright 1986-2022 Xilinx, Inc. All Rights Reserved. Copyright 2022-2025 Advanced Micro Devices, Inc. All Rights Reserved.
---------------------------------------------------------------------------------------------------------------------------------------------
| Tool Version : Vivado v.2025.2 (win64) Build 6299465 Fri Nov 14 19:35:11 GMT 2025
| Date         : Fri Apr 17 13:43:22 2026
| Host         : JoniDeLaMircesti running 64-bit major release  (build 9200)
| Command      : report_control_sets -verbose -file osc_control_sets_placed.rpt
| Design       : osc
| Device       : xc7z020
---------------------------------------------------------------------------------------------------------------------------------------------

Control Set Information

Table of Contents
-----------------
1. Summary
2. Histogram
3. Flip-Flop Distribution
4. Detailed Control Set Information

1. Summary
----------

+----------------------------------------------------------+-------+
|                          Status                          | Count |
+----------------------------------------------------------+-------+
| Total control sets                                       |    10 |
|    Minimum number of control sets                        |    10 |
|    Addition due to synthesis replication                 |     0 |
|    Addition due to physical synthesis replication        |     0 |
| Unused register locations in slices containing registers |    40 |
+----------------------------------------------------------+-------+
* Control sets can be merged at opt_design using control_set_merge or merge_equivalent_drivers
** Run report_qor_suggestions for automated merging and remapping suggestions


2. Histogram
------------

+--------------------+-------+
|       Fanout       | Count |
+--------------------+-------+
| Total control sets |    10 |
| >= 0 to < 4        |     1 |
| >= 4 to < 6        |     1 |
| >= 6 to < 8        |     0 |
| >= 8 to < 10       |     1 |
| >= 10 to < 12      |     1 |
| >= 12 to < 14      |     2 |
| >= 14 to < 16      |     0 |
| >= 16              |     4 |
+--------------------+-------+
* Control sets can be remapped at either synth_design or opt_design


3. Flip-Flop Distribution
-------------------------

+--------------+-----------------------+------------------------+-----------------+--------------+
| Clock Enable | Synchronous Set/Reset | Asynchronous Set/Reset | Total Registers | Total Slices |
+--------------+-----------------------+------------------------+-----------------+--------------+
| No           | No                    | No                     |              26 |            6 |
| No           | No                    | Yes                    |               0 |            0 |
| No           | Yes                   | No                     |               0 |            0 |
| Yes          | No                    | No                     |              85 |           17 |
| Yes          | No                    | Yes                    |               0 |            0 |
| Yes          | Yes                   | No                     |              25 |            7 |
+--------------+-----------------------+------------------------+-----------------+--------------+


4. Detailed Control Set Information
-----------------------------------

+----------------+-------------------------+-------------------------+------------------+----------------+--------------+
|  Clock Signal  |      Enable Signal      |     Set/Reset Signal    | Slice Load Count | Bel Load Count | Bels / Slice |
+----------------+-------------------------+-------------------------+------------------+----------------+--------------+
|  clk_IBUF_BUFG | uart_txd_i_1_n_0        |                         |                1 |              1 |         1.00 |
|  clk_IBUF_BUFG | tx_byte[6]_i_2_n_0      | tx_byte[6]_i_1_n_0      |                2 |              5 |         2.50 |
|  clk_IBUF_BUFG | sample_valid            |                         |                2 |              8 |         4.00 |
|  clk_IBUF_BUFG | baud_cnt[9]_i_1_n_0     |                         |                3 |             10 |         3.33 |
|  clk_IBUF_BUFG | result_mean[11]_i_1_n_0 |                         |                2 |             12 |         6.00 |
|  clk_IBUF_BUFG | window_done_reg_n_0     |                         |                2 |             12 |         6.00 |
|  clk_IBUF_BUFG | xadc_inst/drdy_out      |                         |                4 |             20 |         5.00 |
|  clk_IBUF_BUFG | sample_valid            | result_mean[11]_i_1_n_0 |                5 |             20 |         4.00 |
|  clk_IBUF_BUFG | bytes_to_send[0]        |                         |                3 |             22 |         7.33 |
|  clk_IBUF_BUFG |                         |                         |                6 |             26 |         4.33 |
+----------------+-------------------------+-------------------------+------------------+----------------+--------------+


