#
# A fatal error has been detected by the Java Runtime Environment:
#
#  EXCEPTION_ACCESS_VIOLATION (0xc0000005) at pc=0x00007ff822a34fc8, pid=3148, tid=19540
#
# JRE version: OpenJDK Runtime Environment Temurin-21.0.5+11 (21.0.5+11) (build 21.0.5+11-LTS)
# Java VM: OpenJDK 64-Bit Server VM Temurin-21.0.5+11 (21.0.5+11-LTS, mixed mode, sharing, tiered, compressed oops, compressed class ptrs, g1 gc, windows-amd64)
# Problematic frame:
# C  0x00007ff822a34fc8srcscan starts
=============== Using vdb files for VHDL std libs ===========
INFO: VHDL library search path for library "std" is now "C:/AMDDesignTools/2025.2/Vivado/data/precomp_hsv/vhdl/std" (VHDL-1505)
INFO: VHDL library search path for library "synopsys" is now "C:/AMDDesignTools/2025.2/Vivado/data/precomp_hsv/vhdl/synopsys" (VHDL-1505)
INFO: VHDL library search path for library "ieee" is now "C:/AMDDesignTools/2025.2/Vivado/data/precomp_hsv/vhdl/ieee" (VHDL-1505)
INFO: VHDL library search path for library "unimacro" is now "C:/AMDDesignTools/2025.2/Vivado/data/precomp_hsv/vhdl/unimacro" (VHDL-1505)
INFO: VHDL library search path for library "unisim" is now "C:/AMDDesignTools/2025.2/Vivado/data/precomp_hsv/vhdl/unisim" (VHDL-1505)
INFO: VHDL library search path for library "vl" is now "C:/AMDDesignTools/2025.2/Vivado/data/precomp_hsv/vhdl/vl" (VHDL-1505)
INFO: VHDL library search path for library "xpm" is now "C:/AMDDesignTools/2025.2/Vivado/data/precomp_hsv/vhdl/xpm" (VHDL-1505)
ERROR: cannot open VHDL file 'C:/Users/liubo/Documents/GitHub projects/SPRO4/Firmware/Oscilloscope/Oscilloscope.srcs/sources_1/new/wave_generator.vhd' (SORT-1003)
ERROR: cannot open VHDL file 'C:/Users/liubo/Documents/GitHub projects/SPRO4/Firmware/Oscilloscope/Oscilloscope.srcs/sources_1/new/wave_generator.vhd' (VHDL-1515)
-- Analyzing VHDL file "C:/Users/liubo/Documents/GitHub projects/SPRO4/Firmware/UART module/UART module.srcs/sources_1/new/uart_rx.vhd" into library xil_defaultlib (VHDL-9003)
INFO: analyzing entity 'uart_rx' (VHDL-1012)
INFO: analyzing architecture 'rtl' of entity 'uart_rx' (VHDL-9006)
-- Analyzing VHDL file "C:/Users/liubo/AppData/Local/Temp/VivadoEditorAssist7823293376806522574.tmp" into library xil_defaultlib (VHDL-9003)
INFO: analyzing entity 'uart_top' (VHDL-1012)
INFO: analyzing architecture 'rtl' of entity 'uart_top' (VHDL-9006)
-- Analyzing VHDL file "C:/Users/liubo/Documents/GitHub projects/SPRO4/Firmware/UART module/UART module.srcs/sources_1/new/uart_tx.vhd" into library xil_defaultlib (VHDL-9003)
INFO: analyzing entity 'uart_tx' (VHDL-1012)
INFO: analyzing architecture 'rtl' of entity 'uart_tx' (VHDL-9006)
-- Analyzing VHDL file "C:/Users/liubo/AppData/Local/Temp/VivadoEditorAssist3219253602522827405.tmp" into library xil_defaultlib (VHDL-9003)
INFO: analyzing entity 'wave_generator' (VHDL-1012)
INFO: analyzing architecture 'Behavioral' of entity 'wave_generator' (VHDL-9006)
-- Analyzing VHDL file "C:/Users/liubo/AppData/Local/Temp/VivadoEditorAssist2837901562184260541.tmp" into library xil_defaultlib (VHDL-9003)
INFO: analyzing entity 'osc' (VHDL-1012)
INFO: analyzing architecture 'rtl' of entity 'osc' (VHDL-9006)
srcscan exits with return value 0
